00:59:11.654 [main                     ] DEBUG Logger               - Configured Logger
00:59:11.674 [main                     ] DEBUG GameApplication      - Logging settings
Title: Simulador de Restaurante
Version: 0.0
Width: 800
Height: 600
Fullscreen: false
Intro: false
Profiling: false
Single step:false
App Mode: DEVELOPER
Menu Key: ESCAPE
Stage Style: DECORATED
Scene Factory: class com.almasb.fxgl.app.scene.SceneFactory

00:59:12.566 [JavaFX Application Thread] DEBUG FXGLApplication      - Initializing FXGL
00:59:12.570 [JavaFX Application Thread] INFO  Engine               - FXGL-17.2 (20.08.2022 16.50) on WINDOWS (J:20.0.1 FX:18)
00:59:12.571 [JavaFX Application Thread] DEBUG Engine               - JRE Vendor Name: Oracle Corporation
00:59:12.571 [JavaFX Application Thread] DEBUG Engine               - Running on OS: Windows 11 version 10.0
00:59:12.571 [JavaFX Application Thread] DEBUG Engine               - Architecture: amd64
00:59:12.571 [JavaFX Application Thread] INFO  Engine               - Source code and latest versions at: https://github.com/AlmasB/FXGL
00:59:12.571 [JavaFX Application Thread] INFO  Engine               -       Ask questions and discuss at: https://github.com/AlmasB/FXGL/discussions
00:59:12.572 [JavaFX Application Thread] INFO  Engine               -              Join the FXGL chat at: https://gitter.im/AlmasB/FXGL
00:59:12.698 [JavaFX Application Thread] DEBUG PrimaryStageWindow   - Creating a JavaFX scene
00:59:12.757 [JavaFX Application Thread] DEBUG PrimaryStageWindow   - Target settings size: 800.0 x 600.0
00:59:12.758 [JavaFX Application Thread] DEBUG PrimaryStageWindow   - Scaled scene size:    800.0 x 600.0
00:59:12.758 [JavaFX Application Thread] DEBUG PrimaryStageWindow   - Scaled ratio: (1.0, 1.0)
00:59:12.759 [JavaFX Application Thread] DEBUG PrimaryStageWindow   - Set initial scene to FXGLStartupScene
00:59:12.770 [JavaFX Application Thread] DEBUG PrimaryStageWindow   - Opening main window
00:59:12.883 [JavaFX Application Thread] DEBUG PrimaryStageWindow   - Window border size: (14.4000244140625, 37.5999755859375)
00:59:12.883 [JavaFX Application Thread] DEBUG PrimaryStageWindow   - Scaled size: 800.0 x 600.0
00:59:12.884 [JavaFX Application Thread] DEBUG PrimaryStageWindow   - Scaled ratio: (1.0, 1.0)
00:59:12.884 [JavaFX Application Thread] DEBUG PrimaryStageWindow   - Scene size: 800.0 x 600.0
00:59:12.884 [JavaFX Application Thread] DEBUG PrimaryStageWindow   - Stage size: 814.4000244140625 x 637.5999755859375
00:59:12.903 [FXGL Background Thread 1 ] DEBUG Engine               - Initializing environment variables
00:59:12.986 [FXGL Background Thread 1 ] DEBUG FXGLAssetLoaderServi - User app class for loading assets: class org.example.views.RestaurantView
00:59:12.987 [FXGL Background Thread 1 ] DEBUG GameApplicationServi - Applying CSS: fxgl_dark.css
00:59:12.988 [FXGL Background Thread 1 ] DEBUG FXGLAssetLoaderServi - Loading from file system: jar:file:/C:/Users/gerso/.m2/repository/com/github/almasb/fxgl/17.2/fxgl-17.2.jar!/fxglassets/ui/css/fxgl_dark.css
00:59:13.044 [FXGL Background Thread 1 ] DEBUG GameApplicationServi - Initializing application scenes
00:59:13.108 [FXGL Background Thread 1 ] DEBUG GameWorld            - Game world initialized
00:59:13.183 [FXGL Background Thread 1 ] DEBUG PhysicsWorld         - Physics world initialized: appHeight=600, physics.ppm=50.0
00:59:13.184 [FXGL Background Thread 1 ] DEBUG PhysicsWorld         - Using strategy: BRUTE_FORCE
00:59:13.190 [FXGL Background Thread 1 ] DEBUG GameScene            - Game scene initialized: 800x600
00:59:13.205 [FXGL Background Thread 1 ] DEBUG FXGL.DefaultMenu     - createMenuBodyGameMenu()
00:59:13.220 [FXGL Background Thread 1 ] DEBUG FXGL.DefaultMenu     - createOptionsMenu()
00:59:13.230 [FXGL Background Thread 1 ] DEBUG FXGLAssetLoaderServi - Loading from file system: jar:file:/C:/Users/gerso/.m2/repository/com/github/almasb/fxgl/17.2/fxgl-17.2.jar!/fxglassets/textures/particles/smoke.png
00:59:13.327 [FXGL Background Thread 1 ] DEBUG FXGLAssetLoaderServi - Loading from file system: jar:file:/C:/Users/gerso/.m2/repository/com/github/almasb/fxgl/17.2/fxgl-17.2.jar!/fxglassets/textures/particles/trace_horizontal.png
00:59:13.346 [FXGL Background Thread 1 ] DEBUG GameApplicationServi - Application scenes initialized
00:59:13.359 [FXGL Background Thread 1 ] DEBUG SystemBundleService  - Loading FXGL system data
00:59:13.366 [FXGL Background Thread 1 ] DEBUG FileSystemAccess     - Reading from: C:\Users\gerso\OneDrive\Documentos\Cuatrimestre 7\Concurrente\Java\Simulador-Restaurante\system\fxgl.bundle
00:59:13.376 [FXGL Background Thread 1 ] DEBUG SystemBundleService  - Bundle FXGL: {}
00:59:13.376 [FXGL Background Thread 1 ] DEBUG UpdaterService       - Checking for updates
00:59:13.382 [FXGL Background Thread 4 ] DEBUG FXGLApplication      - Loading fonts
00:59:13.383 [FXGL Background Thread 4 ] DEBUG FXGLAssetLoaderServi - Loading from file system: jar:file:/C:/Users/gerso/.m2/repository/com/github/almasb/fxgl/17.2/fxgl-17.2.jar!/fxglassets/ui/fonts/VarelaRound-Regular.ttf
00:59:13.384 [FXGL Background Thread 1 ] DEBUG FXGLApplication      - Loading default localization
00:59:13.384 [FXGL Background Thread 1 ] DEBUG FXGLAssetLoaderServi - Loading from file system: jar:file:/C:/Users/gerso/.m2/repository/com/github/almasb/fxgl/17.2/fxgl-17.2.jar!/fxglassets/languages/english.lang
00:59:13.417 [FXGL Background Thread 1 ] INFO  FXGLApplication      - FXGL initialization took: 0.514 sec
00:59:13.419 [JavaFX Application Thread] DEBUG FXGLAssetLoaderServi - Loading from file system: jar:file:/C:/Users/gerso/.m2/repository/com/github/almasb/fxgl/17.2/fxgl-17.2.jar!/fxglassets/textures/fxgl_icon.png
00:59:13.437 [JavaFX Application Thread] DEBUG FXGLAssetLoaderServi - Loading from file system: jar:file:/C:/Users/gerso/.m2/repository/com/github/almasb/fxgl/17.2/fxgl-17.2.jar!/fxglassets/textures/fxgl_default_cursor.png
00:59:13.451 [JavaFX Application Thread] DEBUG Input                - Registered new binding: Screenshot - CTRL+8
00:59:13.452 [JavaFX Application Thread] DEBUG Input                - Registered new binding: System info dump - CTRL+9
00:59:13.453 [JavaFX Application Thread] DEBUG Input                - Registered new binding: Restart - CTRL+R
00:59:13.455 [JavaFX Application Thread] DEBUG Input                - Registered new binding: Toggle Debug Camera - CTRL+7
00:59:13.459 [JavaFX Application Thread] DEBUG LoopRunner           - Starting loop
00:59:13.459 [JavaFX Application Thread] DEBUG LoopRunner           - Initializing JavaFX AnimationTimerLoop
00:59:13.463 [JavaFX Application Thread] DEBUG GameApplicationServi - Starting new game
00:59:13.464 [JavaFX Application Thread] DEBUG Input                - Clearing active input actions
00:59:13.479 [JavaFX Application Thread] DEBUG GameApplicationServi - Removing overlay from FXGLStartupScene and adding to FXGLLoadingScene
00:59:13.480 [JavaFX Application Thread] DEBUG PrimaryStageWindow   - FXGLStartupScene -> FXGLLoadingScene
00:59:13.481 [JavaFX Application Thread] DEBUG GameApplicationServi - Clearing previous game
00:59:13.481 [JavaFX Application Thread] DEBUG GameScene            - Clearing game scene
00:59:13.481 [JavaFX Application Thread] DEBUG GameWorld            - Clearing game world
00:59:13.481 [JavaFX Application Thread] DEBUG PhysicsWorld         - Clearing physics world
00:59:13.484 [FXGL Background Thread 1 ] DEBUG FXGLApplication      - Initializing game
00:59:13.486 [FXGL Background Thread 1 ] DEBUG FXGLAssetLoaderServi - Loading from file system: file:/C:/Users/gerso/OneDrive/Documentos/Cuatrimestre%207/Concurrente/Java/Simulador-Restaurante/target/classes/assets/textures/fondo.png
00:59:13.490 [FXGL Background Thread 4 ] DEBUG FXGLAssetLoaderServi - Loading from file system: jar:file:/C:/Users/gerso/.m2/repository/com/github/almasb/fxgl/17.2/fxgl-17.2.jar!/fxglassets/ui/fonts/Abel-Regular.ttf
00:59:13.501 [FXGL Background Thread 1 ] DEBUG FXGLAssetLoaderServi - Loading from file system: file:/C:/Users/gerso/OneDrive/Documentos/Cuatrimestre%207/Concurrente/Java/Simulador-Restaurante/target/classes/assets/textures/recepcionista.png
00:59:13.513 [FXGL Background Thread 4 ] DEBUG FXGLAssetLoaderServi - Loading from file system: jar:file:/C:/Users/gerso/.m2/repository/com/github/almasb/fxgl/17.2/fxgl-17.2.jar!/fxglassets/ui/fonts/TerminalLandMono-Regular.otf
00:59:13.530 [FXGL Background Thread 1 ] DEBUG FXGLAssetLoaderServi - Loading from file system: file:/C:/Users/gerso/OneDrive/Documentos/Cuatrimestre%207/Concurrente/Java/Simulador-Restaurante/target/classes/assets/textures/mesera.png
00:59:13.531 [FXGL Background Thread 4 ] DEBUG FXGLAssetLoaderServi - Loading from file system: jar:file:/C:/Users/gerso/.m2/repository/com/github/almasb/fxgl/17.2/fxgl-17.2.jar!/fxglassets/ui/fonts/Courier-Prime.ttf
00:59:13.544 [FXGL Background Thread 1 ] DEBUG FXGLAssetLoaderServi - Loading from file system: file:/C:/Users/gerso/OneDrive/Documentos/Cuatrimestre%207/Concurrente/Java/Simulador-Restaurante/target/classes/assets/textures/mesa.png
00:59:13.569 [JavaFX Application Thread] DEBUG FXGLApplication      - Registering font factories with UI factory
00:59:14.056 [FXGL Background Thread 2 ] INFO  UpdaterService       - Your current version:  17.2
00:59:14.056 [FXGL Background Thread 2 ] INFO  UpdaterService       - Latest stable version: 21.1
00:59:16.382 [FXGL Background Thread 3 ] DEBUG Engine               - Logging environment variables
00:59:16.382 [FXGL Background Thread 3 ] DEBUG Engine               - achievements: []
00:59:16.382 [FXGL Background Thread 3 ] DEBUG Engine               - actualHeight: 600.0
00:59:16.382 [FXGL Background Thread 3 ] DEBUG Engine               - actualHeightProperty: ReadOnlyDoubleProperty [value: 608.4000244140625]
00:59:16.382 [FXGL Background Thread 3 ] DEBUG Engine               - actualWidth: 800.0
00:59:16.382 [FXGL Background Thread 3 ] DEBUG Engine               - actualWidthProperty: ReadOnlyDoubleProperty [value: 803.5999755859375]
00:59:16.382 [FXGL Background Thread 3 ] DEBUG Engine               - appIcon: fxgl_icon.png
00:59:16.383 [FXGL Background Thread 3 ] DEBUG Engine               - applicationMode: DEVELOPER
00:59:16.383 [FXGL Background Thread 3 ] DEBUG Engine               - cSSList: [fxgl_dark.css]
00:59:16.383 [FXGL Background Thread 3 ] DEBUG Engine               - collisionDetectionStrategy: BRUTE_FORCE
00:59:16.383 [FXGL Background Thread 3 ] DEBUG Engine               - configClass: Optional.empty
00:59:16.383 [FXGL Background Thread 3 ] DEBUG Engine               - credits: []
00:59:16.383 [FXGL Background Thread 3 ] DEBUG Engine               - defaultCursor: CursorInfo(imageName=fxgl_default_cursor.png, hotspotX=7.0, hotspotY=6.0)
00:59:16.383 [FXGL Background Thread 3 ] DEBUG Engine               - devBBoxColorProperty: ObjectProperty [value: 0xff0000ff]
00:59:16.383 [FXGL Background Thread 3 ] DEBUG Engine               - devEnableDebugCameraProperty: BooleanProperty [value: false]
00:59:16.383 [FXGL Background Thread 3 ] DEBUG Engine               - devSensorColorProperty: ObjectProperty [value: 0xffff00ff]
00:59:16.383 [FXGL Background Thread 3 ] DEBUG Engine               - devShowBBoxProperty: BooleanProperty [value: false]
00:59:16.383 [FXGL Background Thread 3 ] DEBUG Engine               - devShowPositionProperty: BooleanProperty [value: false]
00:59:16.383 [FXGL Background Thread 3 ] DEBUG Engine               - enabledMenuItems: []
00:59:16.383 [FXGL Background Thread 3 ] DEBUG Engine               - engineServices: [class com.almasb.fxgl.app.services.FXGLAssetLoaderService, class com.almasb.fxgl.app.FXGLApplication$GameApplicationService, class com.almasb.fxgl.app.services.FXGLDialogService, class com.almasb.fxgl.app.services.IOTaskExecutorService, class com.almasb.fxgl.io.FileSystemService, class com.almasb.fxgl.localization.LocalizationService, class com.almasb.fxgl.app.services.SystemBundleService, class com.almasb.fxgl.profile.SaveLoadService, class com.almasb.fxgl.ui.FXGLUIFactoryServiceProvider, class com.almasb.fxgl.ui.FXGLDialogFactoryServiceProvider, class com.almasb.fxgl.audio.AudioPlayer, class com.almasb.fxgl.notification.impl.NotificationServiceProvider, class com.almasb.fxgl.achievement.AchievementService, class com.almasb.fxgl.cutscene.CutsceneService, class com.almasb.fxgl.minigames.MiniGameService, class com.almasb.fxgl.net.NetService, class com.almasb.fxgl.app.services.UpdaterService, class com.almasb.fxgl.dev.DevService]
00:59:16.383 [FXGL Background Thread 3 ] DEBUG Engine               - fontGame: Abel-Regular.ttf
00:59:16.383 [FXGL Background Thread 3 ] DEBUG Engine               - fontMono: TerminalLandMono-Regular.otf
00:59:16.383 [FXGL Background Thread 3 ] DEBUG Engine               - fontText: Courier-Prime.ttf
00:59:16.383 [FXGL Background Thread 3 ] DEBUG Engine               - fontUI: VarelaRound-Regular.ttf
00:59:16.383 [FXGL Background Thread 3 ] DEBUG Engine               - fullScreen: BooleanProperty [value: false]
00:59:16.383 [FXGL Background Thread 3 ] DEBUG Engine               - gameDifficulty: MEDIUM
00:59:16.384 [FXGL Background Thread 3 ] DEBUG Engine               - gameDifficultyProperty: ObjectProperty [value: MEDIUM]
00:59:16.384 [FXGL Background Thread 3 ] DEBUG Engine               - globalMusicVolume: 0.5
00:59:16.384 [FXGL Background Thread 3 ] DEBUG Engine               - globalMusicVolumeProperty: DoubleProperty [value: 0.5]
00:59:16.384 [FXGL Background Thread 3 ] DEBUG Engine               - globalSoundVolume: 0.5
00:59:16.384 [FXGL Background Thread 3 ] DEBUG Engine               - globalSoundVolumeProperty: DoubleProperty [value: 0.5]
00:59:16.384 [FXGL Background Thread 3 ] DEBUG Engine               - height: 600
00:59:16.384 [FXGL Background Thread 3 ] DEBUG Engine               - is3D: false
00:59:16.384 [FXGL Background Thread 3 ] DEBUG Engine               - isAndroid: false
00:59:16.384 [FXGL Background Thread 3 ] DEBUG Engine               - isBrowser: false
00:59:16.384 [FXGL Background Thread 3 ] DEBUG Engine               - isClickFeedbackEnabled: false
00:59:16.384 [FXGL Background Thread 3 ] DEBUG Engine               - isCloseConfirmation: false
00:59:16.384 [FXGL Background Thread 3 ] DEBUG Engine               - isDesktop: true
00:59:16.384 [FXGL Background Thread 3 ] DEBUG Engine               - isDeveloperMenuEnabled: false
00:59:16.384 [FXGL Background Thread 3 ] DEBUG Engine               - isEmbedded: false
00:59:16.384 [FXGL Background Thread 3 ] DEBUG Engine               - isEntityPreloadEnabled: true
00:59:16.384 [FXGL Background Thread 3 ] DEBUG Engine               - isExperimentalTiledLargeMap: false
00:59:16.384 [FXGL Background Thread 3 ] DEBUG Engine               - isFileSystemWriteAllowed: true
00:59:16.384 [FXGL Background Thread 3 ] DEBUG Engine               - isFullScreenAllowed: false
00:59:16.384 [FXGL Background Thread 3 ] DEBUG Engine               - isFullScreenFromStart: false
00:59:16.384 [FXGL Background Thread 3 ] DEBUG Engine               - isGameMenuEnabled: true
00:59:16.384 [FXGL Background Thread 3 ] DEBUG Engine               - isIOS: false
00:59:16.384 [FXGL Background Thread 3 ] DEBUG Engine               - isIntroEnabled: false
00:59:16.384 [FXGL Background Thread 3 ] DEBUG Engine               - isLinux: false
00:59:16.384 [FXGL Background Thread 3 ] DEBUG Engine               - isMac: false
00:59:16.384 [FXGL Background Thread 3 ] DEBUG Engine               - isMainMenuEnabled: false
00:59:16.384 [FXGL Background Thread 3 ] DEBUG Engine               - isManualResizeEnabled: false
00:59:16.384 [FXGL Background Thread 3 ] DEBUG Engine               - isMobile: false
00:59:16.384 [FXGL Background Thread 3 ] DEBUG Engine               - isNative: false
00:59:16.384 [FXGL Background Thread 3 ] DEBUG Engine               - isPauseMusicWhenMinimized: true
00:59:16.384 [FXGL Background Thread 3 ] DEBUG Engine               - isPreserveResizeRatio: false
00:59:16.385 [FXGL Background Thread 3 ] DEBUG Engine               - isProfilingEnabled: false
00:59:16.385 [FXGL Background Thread 3 ] DEBUG Engine               - isScaleAffectedOnResize: true
00:59:16.385 [FXGL Background Thread 3 ] DEBUG Engine               - isSingleStep: false
00:59:16.385 [FXGL Background Thread 3 ] DEBUG Engine               - isUserProfileEnabled: false
00:59:16.385 [FXGL Background Thread 3 ] DEBUG Engine               - isWindows: true
00:59:16.385 [FXGL Background Thread 3 ] DEBUG Engine               - language: ObjectProperty [value: ENGLISH]
00:59:16.385 [FXGL Background Thread 3 ] DEBUG Engine               - menuKey: ESCAPE
00:59:16.385 [FXGL Background Thread 3 ] DEBUG Engine               - mouseSensitivity: 0.2
00:59:16.385 [FXGL Background Thread 3 ] DEBUG Engine               - notificationViewClass: class com.almasb.fxgl.notification.view.XboxNotificationView
00:59:16.385 [FXGL Background Thread 3 ] DEBUG Engine               - pixelsPerMeter: 50.0
00:59:16.386 [FXGL Background Thread 3 ] DEBUG Engine               - platform: WINDOWS
00:59:16.386 [FXGL Background Thread 3 ] DEBUG Engine               - prefHeightProperty: ReadOnlyDoubleProperty [value: 600.0]
00:59:16.386 [FXGL Background Thread 3 ] DEBUG Engine               - prefWidthProperty: ReadOnlyDoubleProperty [value: 800.0]
00:59:16.386 [FXGL Background Thread 3 ] DEBUG Engine               - profileDir: profiles/
00:59:16.386 [FXGL Background Thread 3 ] DEBUG Engine               - profileName: StringProperty [value: DEFAULT]
00:59:16.386 [FXGL Background Thread 3 ] DEBUG Engine               - randomSeed: -1
00:59:16.386 [FXGL Background Thread 3 ] DEBUG Engine               - runtimeInfo: RuntimeInfo(platform=WINDOWS, version=17.2, build=20.08.2022 16.50)
00:59:16.386 [FXGL Background Thread 3 ] DEBUG Engine               - saveFileExt: sav
00:59:16.386 [FXGL Background Thread 3 ] DEBUG Engine               - scaledHeightProp$fxgl: DoubleProperty [bound, value: 608.4000244140625]
00:59:16.386 [FXGL Background Thread 3 ] DEBUG Engine               - scaledWidthProp$fxgl: DoubleProperty [bound, value: 803.5999755859375]
00:59:16.386 [FXGL Background Thread 3 ] DEBUG Engine               - sceneFactory: com.almasb.fxgl.app.scene.SceneFactory@f4903b7
00:59:16.386 [FXGL Background Thread 3 ] DEBUG Engine               - secondsIn24h: 60
00:59:16.387 [FXGL Background Thread 3 ] DEBUG Engine               - soundMenuBack: menu/back.wav
00:59:16.387 [FXGL Background Thread 3 ] DEBUG Engine               - soundMenuPress: menu/press.wav
00:59:16.387 [FXGL Background Thread 3 ] DEBUG Engine               - soundMenuSelect: menu/select.wav
00:59:16.387 [FXGL Background Thread 3 ] DEBUG Engine               - soundNotification: core/notification.wav
00:59:16.387 [FXGL Background Thread 3 ] DEBUG Engine               - stageStyle: DECORATED
00:59:16.387 [FXGL Background Thread 3 ] DEBUG Engine               - supportedLanguages: [ENGLISH, FRENCH, GERMAN, HUNGARIAN, RUSSIAN]
00:59:16.387 [FXGL Background Thread 3 ] DEBUG Engine               - ticksPerSecond: -1
00:59:16.387 [FXGL Background Thread 3 ] DEBUG Engine               - title: Simulador de Restaurante
00:59:16.387 [FXGL Background Thread 3 ] DEBUG Engine               - urlGithub: https://github.com/AlmasB/FXGL
00:59:16.387 [FXGL Background Thread 3 ] DEBUG Engine               - urlLeaderboard: http://fxgl-top.herokuapp.com/
00:59:16.387 [FXGL Background Thread 3 ] DEBUG Engine               - urlPOM: https://raw.githubusercontent.com/AlmasB/FXGL/release/README.md
00:59:16.387 [FXGL Background Thread 3 ] DEBUG Engine               - userAppClass: class org.example.views.RestaurantView
00:59:16.387 [FXGL Background Thread 3 ] DEBUG Engine               - version: 0.0
00:59:16.387 [FXGL Background Thread 3 ] DEBUG Engine               - versionCheckDays: 7
00:59:16.387 [FXGL Background Thread 3 ] DEBUG Engine               - width: 800
00:59:16.387 [FXGL Background Thread 3 ] DEBUG Engine               - Logging services
00:59:16.387 [FXGL Background Thread 3 ] DEBUG Engine               - class com.almasb.fxgl.app.services.FXGLAssetLoaderService
00:59:16.387 [FXGL Background Thread 3 ] DEBUG Engine               - class com.almasb.fxgl.app.FXGLApplication$GameApplicationService
00:59:16.387 [FXGL Background Thread 3 ] DEBUG Engine               - class com.almasb.fxgl.app.services.FXGLDialogService
00:59:16.387 [FXGL Background Thread 3 ] DEBUG Engine               - class com.almasb.fxgl.app.services.IOTaskExecutorService
00:59:16.387 [FXGL Background Thread 3 ] DEBUG Engine               - class com.almasb.fxgl.io.FileSystemService
00:59:16.388 [FXGL Background Thread 3 ] DEBUG Engine               - class com.almasb.fxgl.localization.LocalizationService
00:59:16.388 [FXGL Background Thread 3 ] DEBUG Engine               - class com.almasb.fxgl.app.services.SystemBundleService
00:59:16.388 [FXGL Background Thread 3 ] DEBUG Engine               - class com.almasb.fxgl.profile.SaveLoadService
00:59:16.388 [FXGL Background Thread 3 ] DEBUG Engine               - class com.almasb.fxgl.ui.FXGLUIFactoryServiceProvider
00:59:16.388 [FXGL Background Thread 3 ] DEBUG Engine               - class com.almasb.fxgl.ui.FXGLDialogFactoryServiceProvider
00:59:16.388 [FXGL Background Thread 3 ] DEBUG Engine               - class com.almasb.fxgl.audio.AudioPlayer
00:59:16.388 [FXGL Background Thread 3 ] DEBUG Engine               - class com.almasb.fxgl.notification.impl.NotificationServiceProvider
00:59:16.388 [FXGL Background Thread 3 ] DEBUG Engine               - class com.almasb.fxgl.achievement.AchievementService
00:59:16.388 [FXGL Background Thread 3 ] DEBUG Engine               - class com.almasb.fxgl.cutscene.CutsceneService
00:59:16.388 [FXGL Background Thread 3 ] DEBUG Engine               - class com.almasb.fxgl.minigames.MiniGameService
00:59:16.388 [FXGL Background Thread 3 ] DEBUG Engine               - class com.almasb.fxgl.net.NetService
00:59:16.388 [FXGL Background Thread 3 ] DEBUG Engine               - class com.almasb.fxgl.app.services.UpdaterService
00:59:16.388 [FXGL Background Thread 3 ] DEBUG Engine               - class com.almasb.fxgl.dev.DevService
00:59:25.574 [FXGL Background Thread 1 ] INFO  FXGLApplication      - Game initialization took: 12.090 sec
00:59:25.575 [JavaFX Application Thread] DEBUG Input                - Clearing active input actions
00:59:25.581 [JavaFX Application Thread] DEBUG GameApplicationServi - Removing overlay from FXGLLoadingScene and adding to GameScene
00:59:25.581 [JavaFX Application Thread] DEBUG PrimaryStageWindow   - FXGLLoadingScene -> GameScene
01:01:52.794 [JavaFX Application Thread] DEBUG FXGLApplication      - Exiting FXGL
01:01:52.794 [JavaFX Application Thread] DEBUG LoopRunner           - Stopping loop
01:01:52.794 [JavaFX Application Thread] DEBUG SystemBundleService  - Saving FXGL system data
01:01:52.797 [JavaFX Application Thread] DEBUG FileSystemAccess     - Writing to: C:\Users\gerso\OneDrive\Documentos\Cuatrimestre 7\Concurrente\Java\Simulador-Restaurante\system\fxgl.bundle
01:01:52.799 [JavaFX Application Thread] DEBUG Async                - Shutting down background threads
01:01:52.799 [JavaFX Application Thread] DEBUG PrimaryStageWindow   - Closing main window
01:01:52.821 [JavaFX Application Thread] DEBUG Logger               - Closing Logger
