17:52:49.201 [main                     ] DEBUG Logger               - Configured Logger
17:52:49.223 [main                     ] DEBUG GameApplication      - Logging settings
Title: Simulador de Restaurante
Version: 1.0
Width: 800
Height: 600
Fullscreen: false
Intro: false
Profiling: false
Single step:false
App Mode: DEVELOPER
Menu Key: ESCAPE
Stage Style: DECORATED
Scene Factory: class com.almasb.fxgl.app.scene.SceneFactory

17:52:49.688 [JavaFX Application Thread] DEBUG FXGLApplication      - Initializing FXGL
17:52:49.692 [JavaFX Application Thread] INFO  Engine               - FXGL-17.2 (20.08.2022 16.50) on WINDOWS (J:20.0.1 FX:18)
17:52:49.692 [JavaFX Application Thread] DEBUG Engine               - JRE Vendor Name: Oracle Corporation
17:52:49.692 [JavaFX Application Thread] DEBUG Engine               - Running on OS: Windows 11 version 10.0
17:52:49.692 [JavaFX Application Thread] DEBUG Engine               - Architecture: amd64
17:52:49.692 [JavaFX Application Thread] INFO  Engine               - Source code and latest versions at: https://github.com/AlmasB/FXGL
17:52:49.693 [JavaFX Application Thread] INFO  Engine               -       Ask questions and discuss at: https://github.com/AlmasB/FXGL/discussions
17:52:49.693 [JavaFX Application Thread] INFO  Engine               -              Join the FXGL chat at: https://gitter.im/AlmasB/FXGL
17:52:49.789 [JavaFX Application Thread] DEBUG PrimaryStageWindow   - Creating a JavaFX scene
17:52:49.829 [JavaFX Application Thread] DEBUG PrimaryStageWindow   - Target settings size: 800.0 x 600.0
17:52:49.829 [JavaFX Application Thread] DEBUG PrimaryStageWindow   - Scaled scene size:    800.0 x 600.0
17:52:49.829 [JavaFX Application Thread] DEBUG PrimaryStageWindow   - Scaled ratio: (1.0, 1.0)
17:52:49.830 [JavaFX Application Thread] DEBUG PrimaryStageWindow   - Set initial scene to FXGLStartupScene
17:52:49.836 [JavaFX Application Thread] DEBUG PrimaryStageWindow   - Opening main window
17:52:49.927 [JavaFX Application Thread] DEBUG PrimaryStageWindow   - Window border size: (14.4000244140625, 37.5999755859375)
17:52:49.927 [JavaFX Application Thread] DEBUG PrimaryStageWindow   - Scaled size: 800.0 x 600.0
17:52:49.928 [JavaFX Application Thread] DEBUG PrimaryStageWindow   - Scaled ratio: (1.0, 1.0)
17:52:49.928 [JavaFX Application Thread] DEBUG PrimaryStageWindow   - Scene size: 800.0 x 600.0
17:52:49.928 [JavaFX Application Thread] DEBUG PrimaryStageWindow   - Stage size: 814.4000244140625 x 637.5999755859375
17:52:49.940 [FXGL Background Thread 1 ] DEBUG Engine               - Initializing environment variables
17:52:50.009 [FXGL Background Thread 1 ] DEBUG FXGLAssetLoaderServi - User app class for loading assets: class org.example.Main
17:52:50.009 [FXGL Background Thread 1 ] DEBUG GameApplicationServi - Applying CSS: fxgl_dark.css
17:52:50.011 [FXGL Background Thread 1 ] DEBUG FXGLAssetLoaderServi - Loading from file system: jar:file:/C:/Users/gerso/.m2/repository/com/github/almasb/fxgl/17.2/fxgl-17.2.jar!/fxglassets/ui/css/fxgl_dark.css
17:52:50.059 [FXGL Background Thread 1 ] DEBUG GameApplicationServi - Initializing application scenes
17:52:50.102 [FXGL Background Thread 1 ] DEBUG GameWorld            - Game world initialized
17:52:50.149 [FXGL Background Thread 1 ] DEBUG PhysicsWorld         - Physics world initialized: appHeight=600, physics.ppm=50.0
17:52:50.149 [FXGL Background Thread 1 ] DEBUG PhysicsWorld         - Using strategy: BRUTE_FORCE
17:52:50.153 [FXGL Background Thread 1 ] DEBUG GameScene            - Game scene initialized: 800x600
17:52:50.165 [FXGL Background Thread 1 ] DEBUG FXGL.DefaultMenu     - createMenuBodyGameMenu()
17:52:50.179 [FXGL Background Thread 1 ] DEBUG FXGL.DefaultMenu     - createOptionsMenu()
17:52:50.188 [FXGL Background Thread 1 ] DEBUG FXGLAssetLoaderServi - Loading from file system: jar:file:/C:/Users/gerso/.m2/repository/com/github/almasb/fxgl/17.2/fxgl-17.2.jar!/fxglassets/textures/particles/smoke.png
17:52:50.303 [FXGL Background Thread 1 ] DEBUG FXGLAssetLoaderServi - Loading from file system: jar:file:/C:/Users/gerso/.m2/repository/com/github/almasb/fxgl/17.2/fxgl-17.2.jar!/fxglassets/textures/particles/trace_horizontal.png
17:52:50.323 [FXGL Background Thread 1 ] DEBUG GameApplicationServi - Application scenes initialized
17:52:50.336 [FXGL Background Thread 1 ] DEBUG SystemBundleService  - Loading FXGL system data
17:52:50.342 [FXGL Background Thread 1 ] DEBUG FileSystemAccess     - Reading from: C:\Users\gerso\OneDrive\Documentos\Cuatrimestre 7\Concurrente\Java\Simulador-Restaurante\system\fxgl.bundle
17:52:50.352 [FXGL Background Thread 1 ] DEBUG SystemBundleService  - Bundle FXGL: {}
17:52:50.353 [FXGL Background Thread 1 ] DEBUG UpdaterService       - Checking for updates
17:52:50.358 [FXGL Background Thread 4 ] DEBUG FXGLApplication      - Loading fonts
17:52:50.359 [FXGL Background Thread 4 ] DEBUG FXGLAssetLoaderServi - Loading from file system: jar:file:/C:/Users/gerso/.m2/repository/com/github/almasb/fxgl/17.2/fxgl-17.2.jar!/fxglassets/ui/fonts/VarelaRound-Regular.ttf
17:52:50.360 [FXGL Background Thread 1 ] DEBUG FXGLApplication      - Loading default localization
17:52:50.361 [FXGL Background Thread 1 ] DEBUG FXGLAssetLoaderServi - Loading from file system: jar:file:/C:/Users/gerso/.m2/repository/com/github/almasb/fxgl/17.2/fxgl-17.2.jar!/fxglassets/languages/english.lang
17:52:50.392 [FXGL Background Thread 1 ] INFO  FXGLApplication      - FXGL initialization took: 0.452 sec
17:52:50.393 [JavaFX Application Thread] DEBUG FXGLAssetLoaderServi - Loading from file system: jar:file:/C:/Users/gerso/.m2/repository/com/github/almasb/fxgl/17.2/fxgl-17.2.jar!/fxglassets/textures/fxgl_icon.png
17:52:50.411 [JavaFX Application Thread] DEBUG FXGLAssetLoaderServi - Loading from file system: jar:file:/C:/Users/gerso/.m2/repository/com/github/almasb/fxgl/17.2/fxgl-17.2.jar!/fxglassets/textures/fxgl_default_cursor.png
17:52:50.424 [JavaFX Application Thread] DEBUG Input                - Registered new binding: Screenshot - CTRL+8
17:52:50.425 [JavaFX Application Thread] DEBUG Input                - Registered new binding: System info dump - CTRL+9
17:52:50.426 [JavaFX Application Thread] DEBUG Input                - Registered new binding: Restart - CTRL+R
17:52:50.427 [JavaFX Application Thread] DEBUG Input                - Registered new binding: Toggle Debug Camera - CTRL+7
17:52:50.430 [JavaFX Application Thread] DEBUG LoopRunner           - Starting loop
17:52:50.430 [JavaFX Application Thread] DEBUG LoopRunner           - Initializing JavaFX AnimationTimerLoop
17:52:50.433 [JavaFX Application Thread] DEBUG GameApplicationServi - Starting new game
17:52:50.434 [JavaFX Application Thread] DEBUG Input                - Clearing active input actions
17:52:50.445 [FXGL Background Thread 4 ] DEBUG FXGLAssetLoaderServi - Loading from file system: jar:file:/C:/Users/gerso/.m2/repository/com/github/almasb/fxgl/17.2/fxgl-17.2.jar!/fxglassets/ui/fonts/Abel-Regular.ttf
17:52:50.445 [JavaFX Application Thread] DEBUG GameApplicationServi - Removing overlay from FXGLStartupScene and adding to FXGLLoadingScene
17:52:50.446 [JavaFX Application Thread] DEBUG PrimaryStageWindow   - FXGLStartupScene -> FXGLLoadingScene
17:52:50.446 [JavaFX Application Thread] DEBUG GameApplicationServi - Clearing previous game
17:52:50.446 [JavaFX Application Thread] DEBUG GameScene            - Clearing game scene
17:52:50.446 [JavaFX Application Thread] DEBUG GameWorld            - Clearing game world
17:52:50.446 [JavaFX Application Thread] DEBUG PhysicsWorld         - Clearing physics world
17:52:50.448 [FXGL Background Thread 1 ] DEBUG FXGLApplication      - Initializing game
17:52:50.457 [FXGL Background Thread 4 ] DEBUG FXGLAssetLoaderServi - Loading from file system: jar:file:/C:/Users/gerso/.m2/repository/com/github/almasb/fxgl/17.2/fxgl-17.2.jar!/fxglassets/ui/fonts/TerminalLandMono-Regular.otf
17:52:50.458 [FXGL Background Thread 1 ] DEBUG FXGLAssetLoaderServi - Loading from file system: file:/C:/Users/gerso/OneDrive/Documentos/Cuatrimestre%207/Concurrente/Java/Simulador-Restaurante/target/classes/assets/textures/recepcionista.png
17:52:50.470 [FXGL Background Thread 4 ] DEBUG FXGLAssetLoaderServi - Loading from file system: jar:file:/C:/Users/gerso/.m2/repository/com/github/almasb/fxgl/17.2/fxgl-17.2.jar!/fxglassets/ui/fonts/Courier-Prime.ttf
17:52:50.488 [FXGL Background Thread 1 ] WARN  FXGLAssetLoaderServi - Asset "/assets/textures/fondo" was not found!
17:52:50.489 [FXGL Background Thread 1 ] WARN  FXGLAssetLoaderServi - Failed to load IMAGE
17:52:50.515 [JavaFX Application Thread] DEBUG FXGLApplication      - Registering font factories with UI factory
17:52:50.623 [FXGL Background Thread 1 ] WARN  GameWorld            - Entity is already attached to world
17:52:50.623 [FXGL Background Thread 1 ] WARN  GameWorld            - Entity is already attached to world
17:52:50.628 [FXGL Background Thread 1 ] DEBUG FXGLAssetLoaderServi - Loading from file system: file:/C:/Users/gerso/OneDrive/Documentos/Cuatrimestre%207/Concurrente/Java/Simulador-Restaurante/target/classes/assets/textures/mesera.png
17:52:50.663 [FXGL Background Thread 1 ] DEBUG FXGLAssetLoaderServi - Loading from file system: file:/C:/Users/gerso/OneDrive/Documentos/Cuatrimestre%207/Concurrente/Java/Simulador-Restaurante/target/classes/assets/textures/cliente.png
17:52:50.676 [FXGL Background Thread 1 ] INFO  FXGLApplication      - Game initialization took: 0.228 sec
17:52:50.678 [JavaFX Application Thread] DEBUG Input                - Clearing active input actions
17:52:50.690 [JavaFX Application Thread] DEBUG GameApplicationServi - Removing overlay from FXGLLoadingScene and adding to GameScene
17:52:50.690 [JavaFX Application Thread] DEBUG PrimaryStageWindow   - FXGLLoadingScene -> GameScene
17:52:50.951 [FXGL Background Thread 2 ] INFO  UpdaterService       - Your current version:  17.2
17:52:50.951 [FXGL Background Thread 2 ] INFO  UpdaterService       - Latest stable version: 21.1
17:52:52.388 [JavaFX Application Thread] DEBUG FXGLApplication      - Exiting FXGL
17:52:52.389 [JavaFX Application Thread] DEBUG LoopRunner           - Stopping loop
17:52:52.389 [JavaFX Application Thread] DEBUG SystemBundleService  - Saving FXGL system data
17:52:52.390 [JavaFX Application Thread] DEBUG FileSystemAccess     - Writing to: C:\Users\gerso\OneDrive\Documentos\Cuatrimestre 7\Concurrente\Java\Simulador-Restaurante\system\fxgl.bundle
17:52:52.392 [JavaFX Application Thread] DEBUG Async                - Shutting down background threads
17:52:52.392 [JavaFX Application Thread] DEBUG PrimaryStageWindow   - Closing main window
17:52:52.442 [JavaFX Application Thread] DEBUG Logger               - Closing Logger
