21:18:28.180 [main                     ] DEBUG Logger               - Configured Logger
21:18:28.203 [main                     ] DEBUG GameApplication      - Logging settings
Title: Simulador de Restaurante
Version: 0.0
Width: 800
Height: 600
Fullscreen: false
Intro: false
Profiling: false
Single step:false
App Mode: DEVELOPER
Menu Key: ESCAPE
Stage Style: DECORATED
Scene Factory: class com.almasb.fxgl.app.scene.SceneFactory

21:18:28.707 [JavaFX Application Thread] DEBUG FXGLApplication      - Initializing FXGL
21:18:28.710 [JavaFX Application Thread] INFO  Engine               - FXGL-17.2 (20.08.2022 16.50) on WINDOWS (J:20.0.1 FX:18)
21:18:28.711 [JavaFX Application Thread] DEBUG Engine               - JRE Vendor Name: Oracle Corporation
21:18:28.711 [JavaFX Application Thread] DEBUG Engine               - Running on OS: Windows 11 version 10.0
21:18:28.711 [JavaFX Application Thread] DEBUG Engine               - Architecture: amd64
21:18:28.711 [JavaFX Application Thread] INFO  Engine               - Source code and latest versions at: https://github.com/AlmasB/FXGL
21:18:28.711 [JavaFX Application Thread] INFO  Engine               -       Ask questions and discuss at: https://github.com/AlmasB/FXGL/discussions
21:18:28.711 [JavaFX Application Thread] INFO  Engine               -              Join the FXGL chat at: https://gitter.im/AlmasB/FXGL
21:18:28.819 [JavaFX Application Thread] DEBUG PrimaryStageWindow   - Creating a JavaFX scene
21:18:28.867 [JavaFX Application Thread] DEBUG PrimaryStageWindow   - Target settings size: 800.0 x 600.0
21:18:28.867 [JavaFX Application Thread] DEBUG PrimaryStageWindow   - Scaled scene size:    800.0 x 600.0
21:18:28.867 [JavaFX Application Thread] DEBUG PrimaryStageWindow   - Scaled ratio: (1.0, 1.0)
21:18:28.868 [JavaFX Application Thread] DEBUG PrimaryStageWindow   - Set initial scene to FXGLStartupScene
21:18:28.877 [JavaFX Application Thread] DEBUG PrimaryStageWindow   - Opening main window
21:18:28.988 [JavaFX Application Thread] DEBUG PrimaryStageWindow   - Window border size: (14.4000244140625, 37.5999755859375)
21:18:28.989 [JavaFX Application Thread] DEBUG PrimaryStageWindow   - Scaled size: 800.0 x 600.0
21:18:28.989 [JavaFX Application Thread] DEBUG PrimaryStageWindow   - Scaled ratio: (1.0, 1.0)
21:18:28.989 [JavaFX Application Thread] DEBUG PrimaryStageWindow   - Scene size: 800.0 x 600.0
21:18:28.990 [JavaFX Application Thread] DEBUG PrimaryStageWindow   - Stage size: 814.4000244140625 x 637.5999755859375
21:18:29.007 [FXGL Background Thread 1 ] DEBUG Engine               - Initializing environment variables
21:18:29.098 [FXGL Background Thread 1 ] DEBUG FXGLAssetLoaderServi - User app class for loading assets: class org.example.views.RestaurantView
21:18:29.099 [FXGL Background Thread 1 ] DEBUG GameApplicationServi - Applying CSS: fxgl_dark.css
21:18:29.100 [FXGL Background Thread 1 ] DEBUG FXGLAssetLoaderServi - Loading from file system: jar:file:/C:/Users/gerso/.m2/repository/com/github/almasb/fxgl/17.2/fxgl-17.2.jar!/fxglassets/ui/css/fxgl_dark.css
21:18:29.162 [FXGL Background Thread 1 ] DEBUG GameApplicationServi - Initializing application scenes
21:18:29.227 [FXGL Background Thread 1 ] DEBUG GameWorld            - Game world initialized
21:18:29.286 [FXGL Background Thread 1 ] DEBUG PhysicsWorld         - Physics world initialized: appHeight=600, physics.ppm=50.0
21:18:29.287 [FXGL Background Thread 1 ] DEBUG PhysicsWorld         - Using strategy: BRUTE_FORCE
21:18:29.293 [FXGL Background Thread 1 ] DEBUG GameScene            - Game scene initialized: 800x600
21:18:29.316 [FXGL Background Thread 1 ] DEBUG FXGL.DefaultMenu     - createMenuBodyGameMenu()
21:18:29.332 [FXGL Background Thread 1 ] DEBUG FXGL.DefaultMenu     - createOptionsMenu()
21:18:29.343 [FXGL Background Thread 1 ] DEBUG FXGLAssetLoaderServi - Loading from file system: jar:file:/C:/Users/gerso/.m2/repository/com/github/almasb/fxgl/17.2/fxgl-17.2.jar!/fxglassets/textures/particles/smoke.png
21:18:29.452 [FXGL Background Thread 1 ] DEBUG FXGLAssetLoaderServi - Loading from file system: jar:file:/C:/Users/gerso/.m2/repository/com/github/almasb/fxgl/17.2/fxgl-17.2.jar!/fxglassets/textures/particles/trace_horizontal.png
21:18:29.473 [FXGL Background Thread 1 ] DEBUG GameApplicationServi - Application scenes initialized
21:18:29.485 [FXGL Background Thread 1 ] DEBUG SystemBundleService  - Loading FXGL system data
21:18:29.491 [FXGL Background Thread 1 ] DEBUG FileSystemAccess     - Reading from: C:\Users\gerso\OneDrive\Documentos\Cuatrimestre 7\Concurrente\Java\Simulador-Restaurante\system\fxgl.bundle
21:18:29.500 [FXGL Background Thread 1 ] DEBUG SystemBundleService  - Bundle FXGL: {}
21:18:29.500 [FXGL Background Thread 1 ] DEBUG UpdaterService       - Checking for updates
21:18:29.506 [FXGL Background Thread 4 ] DEBUG FXGLApplication      - Loading fonts
21:18:29.506 [FXGL Background Thread 4 ] DEBUG FXGLAssetLoaderServi - Loading from file system: jar:file:/C:/Users/gerso/.m2/repository/com/github/almasb/fxgl/17.2/fxgl-17.2.jar!/fxglassets/ui/fonts/VarelaRound-Regular.ttf
21:18:29.507 [FXGL Background Thread 1 ] DEBUG FXGLApplication      - Loading default localization
21:18:29.509 [FXGL Background Thread 1 ] DEBUG FXGLAssetLoaderServi - Loading from file system: jar:file:/C:/Users/gerso/.m2/repository/com/github/almasb/fxgl/17.2/fxgl-17.2.jar!/fxglassets/languages/english.lang
21:18:29.537 [FXGL Background Thread 1 ] INFO  FXGLApplication      - FXGL initialization took: 0.530 sec
21:18:29.539 [JavaFX Application Thread] DEBUG FXGLAssetLoaderServi - Loading from file system: jar:file:/C:/Users/gerso/.m2/repository/com/github/almasb/fxgl/17.2/fxgl-17.2.jar!/fxglassets/textures/fxgl_icon.png
21:18:29.559 [JavaFX Application Thread] DEBUG FXGLAssetLoaderServi - Loading from file system: jar:file:/C:/Users/gerso/.m2/repository/com/github/almasb/fxgl/17.2/fxgl-17.2.jar!/fxglassets/textures/fxgl_default_cursor.png
21:18:29.575 [JavaFX Application Thread] DEBUG Input                - Registered new binding: Screenshot - CTRL+8
21:18:29.575 [JavaFX Application Thread] DEBUG Input                - Registered new binding: System info dump - CTRL+9
21:18:29.576 [JavaFX Application Thread] DEBUG Input                - Registered new binding: Restart - CTRL+R
21:18:29.578 [JavaFX Application Thread] DEBUG Input                - Registered new binding: Toggle Debug Camera - CTRL+7
21:18:29.582 [JavaFX Application Thread] DEBUG LoopRunner           - Starting loop
21:18:29.583 [JavaFX Application Thread] DEBUG LoopRunner           - Initializing JavaFX AnimationTimerLoop
21:18:29.585 [JavaFX Application Thread] DEBUG GameApplicationServi - Starting new game
21:18:29.586 [JavaFX Application Thread] DEBUG Input                - Clearing active input actions
21:18:29.601 [JavaFX Application Thread] DEBUG GameApplicationServi - Removing overlay from FXGLStartupScene and adding to FXGLLoadingScene
21:18:29.601 [JavaFX Application Thread] DEBUG PrimaryStageWindow   - FXGLStartupScene -> FXGLLoadingScene
21:18:29.602 [JavaFX Application Thread] DEBUG GameApplicationServi - Clearing previous game
21:18:29.602 [JavaFX Application Thread] DEBUG GameScene            - Clearing game scene
21:18:29.602 [JavaFX Application Thread] DEBUG GameWorld            - Clearing game world
21:18:29.602 [JavaFX Application Thread] DEBUG PhysicsWorld         - Clearing physics world
21:18:29.604 [FXGL Background Thread 1 ] DEBUG FXGLApplication      - Initializing game
21:18:29.606 [FXGL Background Thread 1 ] WARN  FXGLAssetLoaderServi - Asset "/assets/textures/textures/restaurante_fondo.png" was not found!
21:18:29.607 [FXGL Background Thread 1 ] WARN  FXGLAssetLoaderServi - Failed to load IMAGE
21:18:29.630 [FXGL Background Thread 4 ] DEBUG FXGLAssetLoaderServi - Loading from file system: jar:file:/C:/Users/gerso/.m2/repository/com/github/almasb/fxgl/17.2/fxgl-17.2.jar!/fxglassets/ui/fonts/Abel-Regular.ttf
21:18:29.647 [FXGL Background Thread 4 ] DEBUG FXGLAssetLoaderServi - Loading from file system: jar:file:/C:/Users/gerso/.m2/repository/com/github/almasb/fxgl/17.2/fxgl-17.2.jar!/fxglassets/ui/fonts/TerminalLandMono-Regular.otf
21:18:29.666 [FXGL Background Thread 4 ] DEBUG FXGLAssetLoaderServi - Loading from file system: jar:file:/C:/Users/gerso/.m2/repository/com/github/almasb/fxgl/17.2/fxgl-17.2.jar!/fxglassets/ui/fonts/Courier-Prime.ttf
21:18:29.804 [JavaFX Application Thread] DEBUG FXGLApplication      - Registering font factories with UI factory
21:18:29.824 [FXGL Background Thread 1 ] DEBUG FXGLAssetLoaderServi - Loading from file system: file:/C:/Users/gerso/OneDrive/Documentos/Cuatrimestre%207/Concurrente/Java/Simulador-Restaurante/target/classes/assets/textures/recepcionista.png
21:18:29.844 [FXGL Background Thread 1 ] DEBUG FXGLAssetLoaderServi - Loading from file system: file:/C:/Users/gerso/OneDrive/Documentos/Cuatrimestre%207/Concurrente/Java/Simulador-Restaurante/target/classes/assets/textures/chef.png
21:18:29.854 [FXGL Background Thread 1 ] DEBUG FXGLAssetLoaderServi - Loading from file system: file:/C:/Users/gerso/OneDrive/Documentos/Cuatrimestre%207/Concurrente/Java/Simulador-Restaurante/target/classes/assets/textures/cliente.png
21:18:29.870 [FXGL Background Thread 1 ] DEBUG FXGLAssetLoaderServi - Loading from file system: file:/C:/Users/gerso/OneDrive/Documentos/Cuatrimestre%207/Concurrente/Java/Simulador-Restaurante/target/classes/assets/textures/mesera.png
21:18:29.881 [FXGL Background Thread 1 ] INFO  FXGLApplication      - Game initialization took: 0.276 sec
21:18:29.883 [JavaFX Application Thread] DEBUG Input                - Clearing active input actions
21:18:29.894 [JavaFX Application Thread] DEBUG GameApplicationServi - Removing overlay from FXGLLoadingScene and adding to GameScene
21:18:29.895 [JavaFX Application Thread] DEBUG PrimaryStageWindow   - FXGLLoadingScene -> GameScene
21:18:30.206 [FXGL Background Thread 2 ] INFO  UpdaterService       - Your current version:  17.2
21:18:30.206 [FXGL Background Thread 2 ] INFO  UpdaterService       - Latest stable version: 21.1
21:18:32.504 [FXGL Background Thread 3 ] DEBUG Engine               - Logging environment variables
21:18:32.504 [FXGL Background Thread 3 ] DEBUG Engine               - achievements: []
21:18:32.504 [FXGL Background Thread 3 ] DEBUG Engine               - actualHeight: 600.0
21:18:32.504 [FXGL Background Thread 3 ] DEBUG Engine               - actualHeightProperty: ReadOnlyDoubleProperty [value: 600.0]
21:18:32.504 [FXGL Background Thread 3 ] DEBUG Engine               - actualWidth: 800.0
21:18:32.505 [FXGL Background Thread 3 ] DEBUG Engine               - actualWidthProperty: ReadOnlyDoubleProperty [value: 800.0]
21:18:32.505 [FXGL Background Thread 3 ] DEBUG Engine               - appIcon: fxgl_icon.png
21:18:32.505 [FXGL Background Thread 3 ] DEBUG Engine               - applicationMode: DEVELOPER
21:18:32.505 [FXGL Background Thread 3 ] DEBUG Engine               - cSSList: [fxgl_dark.css]
21:18:32.505 [FXGL Background Thread 3 ] DEBUG Engine               - collisionDetectionStrategy: BRUTE_FORCE
21:18:32.505 [FXGL Background Thread 3 ] DEBUG Engine               - configClass: Optional.empty
21:18:32.505 [FXGL Background Thread 3 ] DEBUG Engine               - credits: []
21:18:32.505 [FXGL Background Thread 3 ] DEBUG Engine               - defaultCursor: CursorInfo(imageName=fxgl_default_cursor.png, hotspotX=7.0, hotspotY=6.0)
21:18:32.505 [FXGL Background Thread 3 ] DEBUG Engine               - devBBoxColorProperty: ObjectProperty [value: 0xff0000ff]
21:18:32.505 [FXGL Background Thread 3 ] DEBUG Engine               - devEnableDebugCameraProperty: BooleanProperty [value: false]
21:18:32.505 [FXGL Background Thread 3 ] DEBUG Engine               - devSensorColorProperty: ObjectProperty [value: 0xffff00ff]
21:18:32.505 [FXGL Background Thread 3 ] DEBUG Engine               - devShowBBoxProperty: BooleanProperty [value: false]
21:18:32.505 [FXGL Background Thread 3 ] DEBUG Engine               - devShowPositionProperty: BooleanProperty [value: false]
21:18:32.506 [FXGL Background Thread 3 ] DEBUG Engine               - enabledMenuItems: []
21:18:32.506 [FXGL Background Thread 3 ] DEBUG Engine               - engineServices: [class com.almasb.fxgl.app.services.FXGLAssetLoaderService, class com.almasb.fxgl.app.FXGLApplication$GameApplicationService, class com.almasb.fxgl.app.services.FXGLDialogService, class com.almasb.fxgl.app.services.IOTaskExecutorService, class com.almasb.fxgl.io.FileSystemService, class com.almasb.fxgl.localization.LocalizationService, class com.almasb.fxgl.app.services.SystemBundleService, class com.almasb.fxgl.profile.SaveLoadService, class com.almasb.fxgl.ui.FXGLUIFactoryServiceProvider, class com.almasb.fxgl.ui.FXGLDialogFactoryServiceProvider, class com.almasb.fxgl.audio.AudioPlayer, class com.almasb.fxgl.notification.impl.NotificationServiceProvider, class com.almasb.fxgl.achievement.AchievementService, class com.almasb.fxgl.cutscene.CutsceneService, class com.almasb.fxgl.minigames.MiniGameService, class com.almasb.fxgl.net.NetService, class com.almasb.fxgl.app.services.UpdaterService, class com.almasb.fxgl.dev.DevService]
21:18:32.506 [FXGL Background Thread 3 ] DEBUG Engine               - fontGame: Abel-Regular.ttf
21:18:32.506 [FXGL Background Thread 3 ] DEBUG Engine               - fontMono: TerminalLandMono-Regular.otf
21:18:32.506 [FXGL Background Thread 3 ] DEBUG Engine               - fontText: Courier-Prime.ttf
21:18:32.506 [FXGL Background Thread 3 ] DEBUG Engine               - fontUI: VarelaRound-Regular.ttf
21:18:32.506 [FXGL Background Thread 3 ] DEBUG Engine               - fullScreen: BooleanProperty [value: false]
21:18:32.506 [FXGL Background Thread 3 ] DEBUG Engine               - gameDifficulty: MEDIUM
21:18:32.506 [FXGL Background Thread 3 ] DEBUG Engine               - gameDifficultyProperty: ObjectProperty [value: MEDIUM]
21:18:32.506 [FXGL Background Thread 3 ] DEBUG Engine               - globalMusicVolume: 0.5
21:18:32.506 [FXGL Background Thread 3 ] DEBUG Engine               - globalMusicVolumeProperty: DoubleProperty [value: 0.5]
21:18:32.506 [FXGL Background Thread 3 ] DEBUG Engine               - globalSoundVolume: 0.5
21:18:32.506 [FXGL Background Thread 3 ] DEBUG Engine               - globalSoundVolumeProperty: DoubleProperty [value: 0.5]
21:18:32.506 [FXGL Background Thread 3 ] DEBUG Engine               - height: 600
21:18:32.506 [FXGL Background Thread 3 ] DEBUG Engine               - is3D: false
21:18:32.506 [FXGL Background Thread 3 ] DEBUG Engine               - isAndroid: false
21:18:32.506 [FXGL Background Thread 3 ] DEBUG Engine               - isBrowser: false
21:18:32.506 [FXGL Background Thread 3 ] DEBUG Engine               - isClickFeedbackEnabled: false
21:18:32.506 [FXGL Background Thread 3 ] DEBUG Engine               - isCloseConfirmation: false
21:18:32.506 [FXGL Background Thread 3 ] DEBUG Engine               - isDesktop: true
21:18:32.506 [FXGL Background Thread 3 ] DEBUG Engine               - isDeveloperMenuEnabled: false
21:18:32.506 [FXGL Background Thread 3 ] DEBUG Engine               - isEmbedded: false
21:18:32.506 [FXGL Background Thread 3 ] DEBUG Engine               - isEntityPreloadEnabled: true
21:18:32.506 [FXGL Background Thread 3 ] DEBUG Engine               - isExperimentalTiledLargeMap: false
21:18:32.506 [FXGL Background Thread 3 ] DEBUG Engine               - isFileSystemWriteAllowed: true
21:18:32.506 [FXGL Background Thread 3 ] DEBUG Engine               - isFullScreenAllowed: false
21:18:32.506 [FXGL Background Thread 3 ] DEBUG Engine               - isFullScreenFromStart: false
21:18:32.507 [FXGL Background Thread 3 ] DEBUG Engine               - isGameMenuEnabled: true
21:18:32.507 [FXGL Background Thread 3 ] DEBUG Engine               - isIOS: false
21:18:32.507 [FXGL Background Thread 3 ] DEBUG Engine               - isIntroEnabled: false
21:18:32.507 [FXGL Background Thread 3 ] DEBUG Engine               - isLinux: false
21:18:32.507 [FXGL Background Thread 3 ] DEBUG Engine               - isMac: false
21:18:32.507 [FXGL Background Thread 3 ] DEBUG Engine               - isMainMenuEnabled: false
21:18:32.507 [FXGL Background Thread 3 ] DEBUG Engine               - isManualResizeEnabled: false
21:18:32.507 [FXGL Background Thread 3 ] DEBUG Engine               - isMobile: false
21:18:32.507 [FXGL Background Thread 3 ] DEBUG Engine               - isNative: false
21:18:32.507 [FXGL Background Thread 3 ] DEBUG Engine               - isPauseMusicWhenMinimized: true
21:18:32.507 [FXGL Background Thread 3 ] DEBUG Engine               - isPreserveResizeRatio: false
21:18:32.507 [FXGL Background Thread 3 ] DEBUG Engine               - isProfilingEnabled: false
21:18:32.507 [FXGL Background Thread 3 ] DEBUG Engine               - isScaleAffectedOnResize: true
21:18:32.507 [FXGL Background Thread 3 ] DEBUG Engine               - isSingleStep: false
21:18:32.507 [FXGL Background Thread 3 ] DEBUG Engine               - isUserProfileEnabled: false
21:18:32.507 [FXGL Background Thread 3 ] DEBUG Engine               - isWindows: true
21:18:32.507 [FXGL Background Thread 3 ] DEBUG Engine               - language: ObjectProperty [value: ENGLISH]
21:18:32.507 [FXGL Background Thread 3 ] DEBUG Engine               - menuKey: ESCAPE
21:18:32.507 [FXGL Background Thread 3 ] DEBUG Engine               - mouseSensitivity: 0.2
21:18:32.508 [FXGL Background Thread 3 ] DEBUG Engine               - notificationViewClass: class com.almasb.fxgl.notification.view.XboxNotificationView
21:18:32.508 [FXGL Background Thread 3 ] DEBUG Engine               - pixelsPerMeter: 50.0
21:18:32.508 [FXGL Background Thread 3 ] DEBUG Engine               - platform: WINDOWS
21:18:32.508 [FXGL Background Thread 3 ] DEBUG Engine               - prefHeightProperty: ReadOnlyDoubleProperty [value: 600.0]
21:18:32.508 [FXGL Background Thread 3 ] DEBUG Engine               - prefWidthProperty: ReadOnlyDoubleProperty [value: 800.0]
21:18:32.508 [FXGL Background Thread 3 ] DEBUG Engine               - profileDir: profiles/
21:18:32.508 [FXGL Background Thread 3 ] DEBUG Engine               - profileName: StringProperty [value: DEFAULT]
21:18:32.508 [FXGL Background Thread 3 ] DEBUG Engine               - randomSeed: -1
21:18:32.509 [FXGL Background Thread 3 ] DEBUG Engine               - runtimeInfo: RuntimeInfo(platform=WINDOWS, version=17.2, build=20.08.2022 16.50)
21:18:32.509 [FXGL Background Thread 3 ] DEBUG Engine               - saveFileExt: sav
21:18:32.509 [FXGL Background Thread 3 ] DEBUG Engine               - scaledHeightProp$fxgl: DoubleProperty [bound, value: 600.0]
21:18:32.509 [FXGL Background Thread 3 ] DEBUG Engine               - scaledWidthProp$fxgl: DoubleProperty [bound, value: 800.0]
21:18:32.509 [FXGL Background Thread 3 ] DEBUG Engine               - sceneFactory: com.almasb.fxgl.app.scene.SceneFactory@39c1b7d9
21:18:32.509 [FXGL Background Thread 3 ] DEBUG Engine               - secondsIn24h: 60
21:18:32.509 [FXGL Background Thread 3 ] DEBUG Engine               - soundMenuBack: menu/back.wav
21:18:32.509 [FXGL Background Thread 3 ] DEBUG Engine               - soundMenuPress: menu/press.wav
21:18:32.509 [FXGL Background Thread 3 ] DEBUG Engine               - soundMenuSelect: menu/select.wav
21:18:32.509 [FXGL Background Thread 3 ] DEBUG Engine               - soundNotification: core/notification.wav
21:18:32.509 [FXGL Background Thread 3 ] DEBUG Engine               - stageStyle: DECORATED
21:18:32.509 [FXGL Background Thread 3 ] DEBUG Engine               - supportedLanguages: [ENGLISH, FRENCH, GERMAN, HUNGARIAN, RUSSIAN]
21:18:32.509 [FXGL Background Thread 3 ] DEBUG Engine               - ticksPerSecond: -1
21:18:32.509 [FXGL Background Thread 3 ] DEBUG Engine               - title: Simulador de Restaurante
21:18:32.509 [FXGL Background Thread 3 ] DEBUG Engine               - urlGithub: https://github.com/AlmasB/FXGL
21:18:32.509 [FXGL Background Thread 3 ] DEBUG Engine               - urlLeaderboard: http://fxgl-top.herokuapp.com/
21:18:32.509 [FXGL Background Thread 3 ] DEBUG Engine               - urlPOM: https://raw.githubusercontent.com/AlmasB/FXGL/release/README.md
21:18:32.509 [FXGL Background Thread 3 ] DEBUG Engine               - userAppClass: class org.example.views.RestaurantView
21:18:32.509 [FXGL Background Thread 3 ] DEBUG Engine               - version: 0.0
21:18:32.509 [FXGL Background Thread 3 ] DEBUG Engine               - versionCheckDays: 7
21:18:32.509 [FXGL Background Thread 3 ] DEBUG Engine               - width: 800
21:18:32.509 [FXGL Background Thread 3 ] DEBUG Engine               - Logging services
21:18:32.509 [FXGL Background Thread 3 ] DEBUG Engine               - class com.almasb.fxgl.app.services.FXGLAssetLoaderService
21:18:32.510 [FXGL Background Thread 3 ] DEBUG Engine               - class com.almasb.fxgl.app.FXGLApplication$GameApplicationService
21:18:32.510 [FXGL Background Thread 3 ] DEBUG Engine               - class com.almasb.fxgl.app.services.FXGLDialogService
21:18:32.510 [FXGL Background Thread 3 ] DEBUG Engine               - class com.almasb.fxgl.app.services.IOTaskExecutorService
21:18:32.510 [FXGL Background Thread 3 ] DEBUG Engine               - class com.almasb.fxgl.io.FileSystemService
21:18:32.510 [FXGL Background Thread 3 ] DEBUG Engine               - class com.almasb.fxgl.localization.LocalizationService
21:18:32.510 [FXGL Background Thread 3 ] DEBUG Engine               - class com.almasb.fxgl.app.services.SystemBundleService
21:18:32.510 [FXGL Background Thread 3 ] DEBUG Engine               - class com.almasb.fxgl.profile.SaveLoadService
21:18:32.510 [FXGL Background Thread 3 ] DEBUG Engine               - class com.almasb.fxgl.ui.FXGLUIFactoryServiceProvider
21:18:32.510 [FXGL Background Thread 3 ] DEBUG Engine               - class com.almasb.fxgl.ui.FXGLDialogFactoryServiceProvider
21:18:32.510 [FXGL Background Thread 3 ] DEBUG Engine               - class com.almasb.fxgl.audio.AudioPlayer
21:18:32.510 [FXGL Background Thread 3 ] DEBUG Engine               - class com.almasb.fxgl.notification.impl.NotificationServiceProvider
21:18:32.510 [FXGL Background Thread 3 ] DEBUG Engine               - class com.almasb.fxgl.achievement.AchievementService
21:18:32.510 [FXGL Background Thread 3 ] DEBUG Engine               - class com.almasb.fxgl.cutscene.CutsceneService
21:18:32.510 [FXGL Background Thread 3 ] DEBUG Engine               - class com.almasb.fxgl.minigames.MiniGameService
21:18:32.510 [FXGL Background Thread 3 ] DEBUG Engine               - class com.almasb.fxgl.net.NetService
21:18:32.510 [FXGL Background Thread 3 ] DEBUG Engine               - class com.almasb.fxgl.app.services.UpdaterService
21:18:32.510 [FXGL Background Thread 3 ] DEBUG Engine               - class com.almasb.fxgl.dev.DevService
21:18:35.374 [JavaFX Application Thread] DEBUG FXGLApplication      - Exiting FXGL
21:18:35.374 [JavaFX Application Thread] DEBUG LoopRunner           - Stopping loop
21:18:35.374 [JavaFX Application Thread] DEBUG SystemBundleService  - Saving FXGL system data
21:18:35.376 [JavaFX Application Thread] DEBUG FileSystemAccess     - Writing to: C:\Users\gerso\OneDrive\Documentos\Cuatrimestre 7\Concurrente\Java\Simulador-Restaurante\system\fxgl.bundle
21:18:35.379 [JavaFX Application Thread] DEBUG Async                - Shutting down background threads
21:18:35.379 [JavaFX Application Thread] DEBUG PrimaryStageWindow   - Closing main window
21:18:35.417 [JavaFX Application Thread] DEBUG Logger               - Closing Logger
