17:50:28.518 [main                     ] DEBUG Logger               - Configured Logger
17:50:28.537 [main                     ] DEBUG GameApplication      - Logging settings
Title: Simulador de Restaurante
Version: 1.0
Width: 800
Height: 600
Fullscreen: false
Intro: false
Profiling: false
Single step:false
App Mode: DEVELOPER
Menu Key: ESCAPE
Stage Style: DECORATED
Scene Factory: class com.almasb.fxgl.app.scene.SceneFactory

17:50:29.008 [JavaFX Application Thread] DEBUG FXGLApplication      - Initializing FXGL
17:50:29.013 [JavaFX Application Thread] INFO  Engine               - FXGL-17.2 (20.08.2022 16.50) on WINDOWS (J:20.0.1 FX:18)
17:50:29.013 [JavaFX Application Thread] DEBUG Engine               - JRE Vendor Name: Oracle Corporation
17:50:29.013 [JavaFX Application Thread] DEBUG Engine               - Running on OS: Windows 11 version 10.0
17:50:29.013 [JavaFX Application Thread] DEBUG Engine               - Architecture: amd64
17:50:29.013 [JavaFX Application Thread] INFO  Engine               - Source code and latest versions at: https://github.com/AlmasB/FXGL
17:50:29.013 [JavaFX Application Thread] INFO  Engine               -       Ask questions and discuss at: https://github.com/AlmasB/FXGL/discussions
17:50:29.013 [JavaFX Application Thread] INFO  Engine               -              Join the FXGL chat at: https://gitter.im/AlmasB/FXGL
17:50:29.106 [JavaFX Application Thread] DEBUG PrimaryStageWindow   - Creating a JavaFX scene
17:50:29.149 [JavaFX Application Thread] DEBUG PrimaryStageWindow   - Target settings size: 800.0 x 600.0
17:50:29.150 [JavaFX Application Thread] DEBUG PrimaryStageWindow   - Scaled scene size:    800.0 x 600.0
17:50:29.150 [JavaFX Application Thread] DEBUG PrimaryStageWindow   - Scaled ratio: (1.0, 1.0)
17:50:29.151 [JavaFX Application Thread] DEBUG PrimaryStageWindow   - Set initial scene to FXGLStartupScene
17:50:29.158 [JavaFX Application Thread] DEBUG PrimaryStageWindow   - Opening main window
17:50:29.260 [JavaFX Application Thread] DEBUG PrimaryStageWindow   - Window border size: (14.4000244140625, 37.5999755859375)
17:50:29.260 [JavaFX Application Thread] DEBUG PrimaryStageWindow   - Scaled size: 800.0 x 600.0
17:50:29.260 [JavaFX Application Thread] DEBUG PrimaryStageWindow   - Scaled ratio: (1.0, 1.0)
17:50:29.261 [JavaFX Application Thread] DEBUG PrimaryStageWindow   - Scene size: 800.0 x 600.0
17:50:29.261 [JavaFX Application Thread] DEBUG PrimaryStageWindow   - Stage size: 814.4000244140625 x 637.5999755859375
17:50:29.281 [FXGL Background Thread 1 ] DEBUG Engine               - Initializing environment variables
17:50:29.354 [FXGL Background Thread 1 ] DEBUG FXGLAssetLoaderServi - User app class for loading assets: class org.example.Main
17:50:29.354 [FXGL Background Thread 1 ] DEBUG GameApplicationServi - Applying CSS: fxgl_dark.css
17:50:29.356 [FXGL Background Thread 1 ] DEBUG FXGLAssetLoaderServi - Loading from file system: jar:file:/C:/Users/gerso/.m2/repository/com/github/almasb/fxgl/17.2/fxgl-17.2.jar!/fxglassets/ui/css/fxgl_dark.css
17:50:29.409 [FXGL Background Thread 1 ] DEBUG GameApplicationServi - Initializing application scenes
17:50:29.467 [FXGL Background Thread 1 ] DEBUG GameWorld            - Game world initialized
17:50:29.531 [FXGL Background Thread 1 ] DEBUG PhysicsWorld         - Physics world initialized: appHeight=600, physics.ppm=50.0
17:50:29.531 [FXGL Background Thread 1 ] DEBUG PhysicsWorld         - Using strategy: BRUTE_FORCE
17:50:29.538 [FXGL Background Thread 1 ] DEBUG GameScene            - Game scene initialized: 800x600
17:50:29.559 [FXGL Background Thread 1 ] DEBUG FXGL.DefaultMenu     - createMenuBodyGameMenu()
17:50:29.574 [FXGL Background Thread 1 ] DEBUG FXGL.DefaultMenu     - createOptionsMenu()
17:50:29.582 [FXGL Background Thread 1 ] DEBUG FXGLAssetLoaderServi - Loading from file system: jar:file:/C:/Users/gerso/.m2/repository/com/github/almasb/fxgl/17.2/fxgl-17.2.jar!/fxglassets/textures/particles/smoke.png
17:50:29.686 [FXGL Background Thread 1 ] DEBUG FXGLAssetLoaderServi - Loading from file system: jar:file:/C:/Users/gerso/.m2/repository/com/github/almasb/fxgl/17.2/fxgl-17.2.jar!/fxglassets/textures/particles/trace_horizontal.png
17:50:29.707 [FXGL Background Thread 1 ] DEBUG GameApplicationServi - Application scenes initialized
17:50:29.719 [FXGL Background Thread 1 ] DEBUG SystemBundleService  - Loading FXGL system data
17:50:29.722 [FXGL Background Thread 1 ] DEBUG FileSystemAccess     - Reading from: C:\Users\gerso\OneDrive\Documentos\Cuatrimestre 7\Concurrente\Java\Simulador-Restaurante\system\fxgl.bundle
17:50:29.731 [FXGL Background Thread 1 ] DEBUG SystemBundleService  - Bundle FXGL: {}
17:50:29.731 [FXGL Background Thread 1 ] DEBUG UpdaterService       - Checking for updates
17:50:29.736 [FXGL Background Thread 4 ] DEBUG FXGLApplication      - Loading fonts
17:50:29.736 [FXGL Background Thread 1 ] DEBUG FXGLApplication      - Loading default localization
17:50:29.737 [FXGL Background Thread 4 ] DEBUG FXGLAssetLoaderServi - Loading from file system: jar:file:/C:/Users/gerso/.m2/repository/com/github/almasb/fxgl/17.2/fxgl-17.2.jar!/fxglassets/ui/fonts/VarelaRound-Regular.ttf
17:50:29.737 [FXGL Background Thread 1 ] DEBUG FXGLAssetLoaderServi - Loading from file system: jar:file:/C:/Users/gerso/.m2/repository/com/github/almasb/fxgl/17.2/fxgl-17.2.jar!/fxglassets/languages/english.lang
17:50:29.781 [FXGL Background Thread 1 ] INFO  FXGLApplication      - FXGL initialization took: 0.501 sec
17:50:29.782 [JavaFX Application Thread] DEBUG FXGLAssetLoaderServi - Loading from file system: jar:file:/C:/Users/gerso/.m2/repository/com/github/almasb/fxgl/17.2/fxgl-17.2.jar!/fxglassets/textures/fxgl_icon.png
17:50:29.798 [JavaFX Application Thread] DEBUG FXGLAssetLoaderServi - Loading from file system: jar:file:/C:/Users/gerso/.m2/repository/com/github/almasb/fxgl/17.2/fxgl-17.2.jar!/fxglassets/textures/fxgl_default_cursor.png
17:50:29.815 [JavaFX Application Thread] DEBUG Input                - Registered new binding: Screenshot - CTRL+8
17:50:29.816 [JavaFX Application Thread] DEBUG Input                - Registered new binding: System info dump - CTRL+9
17:50:29.817 [JavaFX Application Thread] DEBUG Input                - Registered new binding: Restart - CTRL+R
17:50:29.818 [JavaFX Application Thread] DEBUG Input                - Registered new binding: Toggle Debug Camera - CTRL+7
17:50:29.822 [JavaFX Application Thread] DEBUG LoopRunner           - Starting loop
17:50:29.822 [JavaFX Application Thread] DEBUG LoopRunner           - Initializing JavaFX AnimationTimerLoop
17:50:29.825 [FXGL Background Thread 4 ] DEBUG FXGLAssetLoaderServi - Loading from file system: jar:file:/C:/Users/gerso/.m2/repository/com/github/almasb/fxgl/17.2/fxgl-17.2.jar!/fxglassets/ui/fonts/Abel-Regular.ttf
17:50:29.826 [JavaFX Application Thread] DEBUG Input                - Clearing active input actions
17:50:29.842 [JavaFX Application Thread] DEBUG GameApplicationServi - Removing overlay from FXGLStartupScene and adding to FXGLLoadingScene
17:50:29.843 [JavaFX Application Thread] DEBUG PrimaryStageWindow   - FXGLStartupScene -> FXGLLoadingScene
17:50:29.843 [JavaFX Application Thread] DEBUG GameApplicationServi - Clearing previous game
17:50:29.843 [JavaFX Application Thread] DEBUG GameScene            - Clearing game scene
17:50:29.843 [JavaFX Application Thread] DEBUG GameWorld            - Clearing game world
17:50:29.843 [JavaFX Application Thread] DEBUG PhysicsWorld         - Clearing physics world
17:50:29.845 [FXGL Background Thread 4 ] DEBUG FXGLAssetLoaderServi - Loading from file system: jar:file:/C:/Users/gerso/.m2/repository/com/github/almasb/fxgl/17.2/fxgl-17.2.jar!/fxglassets/ui/fonts/TerminalLandMono-Regular.otf
17:50:29.846 [FXGL Background Thread 1 ] DEBUG FXGLApplication      - Initializing game
17:50:29.866 [FXGL Background Thread 4 ] DEBUG FXGLAssetLoaderServi - Loading from file system: jar:file:/C:/Users/gerso/.m2/repository/com/github/almasb/fxgl/17.2/fxgl-17.2.jar!/fxglassets/ui/fonts/Courier-Prime.ttf
17:50:29.874 [FXGL Background Thread 1 ] DEBUG FXGLAssetLoaderServi - Loading from file system: file:/C:/Users/gerso/OneDrive/Documentos/Cuatrimestre%207/Concurrente/Java/Simulador-Restaurante/target/classes/assets/textures/recepcionista.png
17:50:29.905 [FXGL Background Thread 1 ] WARN  GameWorld            - Entity is already attached to world
17:50:29.905 [FXGL Background Thread 1 ] WARN  GameWorld            - Entity is already attached to world
17:50:29.908 [FXGL Background Thread 1 ] DEBUG FXGLAssetLoaderServi - Loading from file system: file:/C:/Users/gerso/OneDrive/Documentos/Cuatrimestre%207/Concurrente/Java/Simulador-Restaurante/target/classes/assets/textures/mesera.png
17:50:29.918 [JavaFX Application Thread] DEBUG FXGLApplication      - Registering font factories with UI factory
17:50:29.920 [FXGL Background Thread 1 ] DEBUG FXGLAssetLoaderServi - Loading from file system: file:/C:/Users/gerso/OneDrive/Documentos/Cuatrimestre%207/Concurrente/Java/Simulador-Restaurante/target/classes/assets/textures/cliente.png
17:50:29.950 [FXGL Background Thread 1 ] INFO  FXGLApplication      - Game initialization took: 0.104 sec
17:50:30.012 [JavaFX Application Thread] DEBUG Input                - Clearing active input actions
17:50:30.025 [JavaFX Application Thread] DEBUG GameApplicationServi - Removing overlay from FXGLLoadingScene and adding to GameScene
17:50:30.026 [JavaFX Application Thread] DEBUG PrimaryStageWindow   - FXGLLoadingScene -> GameScene
17:50:30.351 [FXGL Background Thread 2 ] INFO  UpdaterService       - Your current version:  17.2
17:50:30.351 [FXGL Background Thread 2 ] INFO  UpdaterService       - Latest stable version: 21.1
17:50:32.736 [FXGL Background Thread 3 ] DEBUG Engine               - Logging environment variables
17:50:32.736 [FXGL Background Thread 3 ] DEBUG Engine               - achievements: []
17:50:32.736 [FXGL Background Thread 3 ] DEBUG Engine               - actualHeight: 600.0
17:50:32.736 [FXGL Background Thread 3 ] DEBUG Engine               - actualHeightProperty: ReadOnlyDoubleProperty [value: 600.0]
17:50:32.737 [FXGL Background Thread 3 ] DEBUG Engine               - actualWidth: 800.0
17:50:32.737 [FXGL Background Thread 3 ] DEBUG Engine               - actualWidthProperty: ReadOnlyDoubleProperty [value: 800.0]
17:50:32.737 [FXGL Background Thread 3 ] DEBUG Engine               - appIcon: fxgl_icon.png
17:50:32.737 [FXGL Background Thread 3 ] DEBUG Engine               - applicationMode: DEVELOPER
17:50:32.737 [FXGL Background Thread 3 ] DEBUG Engine               - cSSList: [fxgl_dark.css]
17:50:32.737 [FXGL Background Thread 3 ] DEBUG Engine               - collisionDetectionStrategy: BRUTE_FORCE
17:50:32.737 [FXGL Background Thread 3 ] DEBUG Engine               - configClass: Optional.empty
17:50:32.737 [FXGL Background Thread 3 ] DEBUG Engine               - credits: []
17:50:32.739 [FXGL Background Thread 3 ] DEBUG Engine               - defaultCursor: CursorInfo(imageName=fxgl_default_cursor.png, hotspotX=7.0, hotspotY=6.0)
17:50:32.739 [FXGL Background Thread 3 ] DEBUG Engine               - devBBoxColorProperty: ObjectProperty [value: 0xff0000ff]
17:50:32.739 [FXGL Background Thread 3 ] DEBUG Engine               - devEnableDebugCameraProperty: BooleanProperty [value: false]
17:50:32.739 [FXGL Background Thread 3 ] DEBUG Engine               - devSensorColorProperty: ObjectProperty [value: 0xffff00ff]
17:50:32.739 [FXGL Background Thread 3 ] DEBUG Engine               - devShowBBoxProperty: BooleanProperty [value: false]
17:50:32.739 [FXGL Background Thread 3 ] DEBUG Engine               - devShowPositionProperty: BooleanProperty [value: false]
17:50:32.739 [FXGL Background Thread 3 ] DEBUG Engine               - enabledMenuItems: []
17:50:32.739 [FXGL Background Thread 3 ] DEBUG Engine               - engineServices: [class com.almasb.fxgl.app.services.FXGLAssetLoaderService, class com.almasb.fxgl.app.FXGLApplication$GameApplicationService, class com.almasb.fxgl.app.services.FXGLDialogService, class com.almasb.fxgl.app.services.IOTaskExecutorService, class com.almasb.fxgl.io.FileSystemService, class com.almasb.fxgl.localization.LocalizationService, class com.almasb.fxgl.app.services.SystemBundleService, class com.almasb.fxgl.profile.SaveLoadService, class com.almasb.fxgl.ui.FXGLUIFactoryServiceProvider, class com.almasb.fxgl.ui.FXGLDialogFactoryServiceProvider, class com.almasb.fxgl.audio.AudioPlayer, class com.almasb.fxgl.notification.impl.NotificationServiceProvider, class com.almasb.fxgl.achievement.AchievementService, class com.almasb.fxgl.cutscene.CutsceneService, class com.almasb.fxgl.minigames.MiniGameService, class com.almasb.fxgl.net.NetService, class com.almasb.fxgl.app.services.UpdaterService, class com.almasb.fxgl.dev.DevService]
17:50:32.739 [FXGL Background Thread 3 ] DEBUG Engine               - fontGame: Abel-Regular.ttf
17:50:32.739 [FXGL Background Thread 3 ] DEBUG Engine               - fontMono: TerminalLandMono-Regular.otf
17:50:32.739 [FXGL Background Thread 3 ] DEBUG Engine               - fontText: Courier-Prime.ttf
17:50:32.740 [FXGL Background Thread 3 ] DEBUG Engine               - fontUI: VarelaRound-Regular.ttf
17:50:32.740 [FXGL Background Thread 3 ] DEBUG Engine               - fullScreen: BooleanProperty [value: false]
17:50:32.740 [FXGL Background Thread 3 ] DEBUG Engine               - gameDifficulty: MEDIUM
17:50:32.740 [FXGL Background Thread 3 ] DEBUG Engine               - gameDifficultyProperty: ObjectProperty [value: MEDIUM]
17:50:32.740 [FXGL Background Thread 3 ] DEBUG Engine               - globalMusicVolume: 0.5
17:50:32.740 [FXGL Background Thread 3 ] DEBUG Engine               - globalMusicVolumeProperty: DoubleProperty [value: 0.5]
17:50:32.740 [FXGL Background Thread 3 ] DEBUG Engine               - globalSoundVolume: 0.5
17:50:32.740 [FXGL Background Thread 3 ] DEBUG Engine               - globalSoundVolumeProperty: DoubleProperty [value: 0.5]
17:50:32.740 [FXGL Background Thread 3 ] DEBUG Engine               - height: 600
17:50:32.740 [FXGL Background Thread 3 ] DEBUG Engine               - is3D: false
17:50:32.740 [FXGL Background Thread 3 ] DEBUG Engine               - isAndroid: false
17:50:32.740 [FXGL Background Thread 3 ] DEBUG Engine               - isBrowser: false
17:50:32.740 [FXGL Background Thread 3 ] DEBUG Engine               - isClickFeedbackEnabled: false
17:50:32.741 [FXGL Background Thread 3 ] DEBUG Engine               - isCloseConfirmation: false
17:50:32.741 [FXGL Background Thread 3 ] DEBUG Engine               - isDesktop: true
17:50:32.741 [FXGL Background Thread 3 ] DEBUG Engine               - isDeveloperMenuEnabled: false
17:50:32.741 [FXGL Background Thread 3 ] DEBUG Engine               - isEmbedded: false
17:50:32.741 [FXGL Background Thread 3 ] DEBUG Engine               - isEntityPreloadEnabled: true
17:50:32.741 [FXGL Background Thread 3 ] DEBUG Engine               - isExperimentalTiledLargeMap: false
17:50:32.741 [FXGL Background Thread 3 ] DEBUG Engine               - isFileSystemWriteAllowed: true
17:50:32.741 [FXGL Background Thread 3 ] DEBUG Engine               - isFullScreenAllowed: false
17:50:32.741 [FXGL Background Thread 3 ] DEBUG Engine               - isFullScreenFromStart: false
17:50:32.741 [FXGL Background Thread 3 ] DEBUG Engine               - isGameMenuEnabled: true
17:50:32.741 [FXGL Background Thread 3 ] DEBUG Engine               - isIOS: false
17:50:32.741 [FXGL Background Thread 3 ] DEBUG Engine               - isIntroEnabled: false
17:50:32.741 [FXGL Background Thread 3 ] DEBUG Engine               - isLinux: false
17:50:32.741 [FXGL Background Thread 3 ] DEBUG Engine               - isMac: false
17:50:32.741 [FXGL Background Thread 3 ] DEBUG Engine               - isMainMenuEnabled: false
17:50:32.742 [FXGL Background Thread 3 ] DEBUG Engine               - isManualResizeEnabled: false
17:50:32.742 [FXGL Background Thread 3 ] DEBUG Engine               - isMobile: false
17:50:32.742 [FXGL Background Thread 3 ] DEBUG Engine               - isNative: false
17:50:32.742 [FXGL Background Thread 3 ] DEBUG Engine               - isPauseMusicWhenMinimized: true
17:50:32.742 [FXGL Background Thread 3 ] DEBUG Engine               - isPreserveResizeRatio: false
17:50:32.742 [FXGL Background Thread 3 ] DEBUG Engine               - isProfilingEnabled: false
17:50:32.742 [FXGL Background Thread 3 ] DEBUG Engine               - isScaleAffectedOnResize: true
17:50:32.742 [FXGL Background Thread 3 ] DEBUG Engine               - isSingleStep: false
17:50:32.742 [FXGL Background Thread 3 ] DEBUG Engine               - isUserProfileEnabled: false
17:50:32.742 [FXGL Background Thread 3 ] DEBUG Engine               - isWindows: true
17:50:32.742 [FXGL Background Thread 3 ] DEBUG Engine               - language: ObjectProperty [value: ENGLISH]
17:50:32.742 [FXGL Background Thread 3 ] DEBUG Engine               - menuKey: ESCAPE
17:50:32.742 [FXGL Background Thread 3 ] DEBUG Engine               - mouseSensitivity: 0.2
17:50:32.743 [FXGL Background Thread 3 ] DEBUG Engine               - notificationViewClass: class com.almasb.fxgl.notification.view.XboxNotificationView
17:50:32.743 [FXGL Background Thread 3 ] DEBUG Engine               - pixelsPerMeter: 50.0
17:50:32.743 [FXGL Background Thread 3 ] DEBUG Engine               - platform: WINDOWS
17:50:32.743 [FXGL Background Thread 3 ] DEBUG Engine               - prefHeightProperty: ReadOnlyDoubleProperty [value: 600.0]
17:50:32.743 [FXGL Background Thread 3 ] DEBUG Engine               - prefWidthProperty: ReadOnlyDoubleProperty [value: 800.0]
17:50:32.743 [FXGL Background Thread 3 ] DEBUG Engine               - profileDir: profiles/
17:50:32.743 [FXGL Background Thread 3 ] DEBUG Engine               - profileName: StringProperty [value: DEFAULT]
17:50:32.743 [FXGL Background Thread 3 ] DEBUG Engine               - randomSeed: -1
17:50:32.744 [FXGL Background Thread 3 ] DEBUG Engine               - runtimeInfo: RuntimeInfo(platform=WINDOWS, version=17.2, build=20.08.2022 16.50)
17:50:32.744 [FXGL Background Thread 3 ] DEBUG Engine               - saveFileExt: sav
17:50:32.744 [FXGL Background Thread 3 ] DEBUG Engine               - scaledHeightProp$fxgl: DoubleProperty [bound, value: 600.0]
17:50:32.744 [FXGL Background Thread 3 ] DEBUG Engine               - scaledWidthProp$fxgl: DoubleProperty [bound, value: 800.0]
17:50:32.744 [FXGL Background Thread 3 ] DEBUG Engine               - sceneFactory: com.almasb.fxgl.app.scene.SceneFactory@788f43a1
17:50:32.744 [FXGL Background Thread 3 ] DEBUG Engine               - secondsIn24h: 60
17:50:32.744 [FXGL Background Thread 3 ] DEBUG Engine               - soundMenuBack: menu/back.wav
17:50:32.744 [FXGL Background Thread 3 ] DEBUG Engine               - soundMenuPress: menu/press.wav
17:50:32.745 [FXGL Background Thread 3 ] DEBUG Engine               - soundMenuSelect: menu/select.wav
17:50:32.745 [FXGL Background Thread 3 ] DEBUG Engine               - soundNotification: core/notification.wav
17:50:32.745 [FXGL Background Thread 3 ] DEBUG Engine               - stageStyle: DECORATED
17:50:32.745 [FXGL Background Thread 3 ] DEBUG Engine               - supportedLanguages: [ENGLISH, FRENCH, GERMAN, HUNGARIAN, RUSSIAN]
17:50:32.745 [FXGL Background Thread 3 ] DEBUG Engine               - ticksPerSecond: -1
17:50:32.745 [FXGL Background Thread 3 ] DEBUG Engine               - title: Simulador de Restaurante
17:50:32.745 [FXGL Background Thread 3 ] DEBUG Engine               - urlGithub: https://github.com/AlmasB/FXGL
17:50:32.745 [FXGL Background Thread 3 ] DEBUG Engine               - urlLeaderboard: http://fxgl-top.herokuapp.com/
17:50:32.745 [FXGL Background Thread 3 ] DEBUG Engine               - urlPOM: https://raw.githubusercontent.com/AlmasB/FXGL/release/README.md
17:50:32.745 [FXGL Background Thread 3 ] DEBUG Engine               - userAppClass: class org.example.Main
17:50:32.745 [FXGL Background Thread 3 ] DEBUG Engine               - version: 1.0
17:50:32.745 [FXGL Background Thread 3 ] DEBUG Engine               - versionCheckDays: 7
17:50:32.745 [FXGL Background Thread 3 ] DEBUG Engine               - width: 800
17:50:32.745 [FXGL Background Thread 3 ] DEBUG Engine               - Logging services
17:50:32.745 [FXGL Background Thread 3 ] DEBUG Engine               - class com.almasb.fxgl.app.services.FXGLAssetLoaderService
17:50:32.746 [FXGL Background Thread 3 ] DEBUG Engine               - class com.almasb.fxgl.app.FXGLApplication$GameApplicationService
17:50:32.746 [FXGL Background Thread 3 ] DEBUG Engine               - class com.almasb.fxgl.app.services.FXGLDialogService
17:50:32.746 [FXGL Background Thread 3 ] DEBUG Engine               - class com.almasb.fxgl.app.services.IOTaskExecutorService
17:50:32.746 [FXGL Background Thread 3 ] DEBUG Engine               - class com.almasb.fxgl.io.FileSystemService
17:50:32.746 [FXGL Background Thread 3 ] DEBUG Engine               - class com.almasb.fxgl.localization.LocalizationService
17:50:32.746 [FXGL Background Thread 3 ] DEBUG Engine               - class com.almasb.fxgl.app.services.SystemBundleService
17:50:32.746 [FXGL Background Thread 3 ] DEBUG Engine               - class com.almasb.fxgl.profile.SaveLoadService
17:50:32.746 [FXGL Background Thread 3 ] DEBUG Engine               - class com.almasb.fxgl.ui.FXGLUIFactoryServiceProvider
17:50:32.746 [FXGL Background Thread 3 ] DEBUG Engine               - class com.almasb.fxgl.ui.FXGLDialogFactoryServiceProvider
17:50:32.746 [FXGL Background Thread 3 ] DEBUG Engine               - class com.almasb.fxgl.audio.AudioPlayer
17:50:32.746 [FXGL Background Thread 3 ] DEBUG Engine               - class com.almasb.fxgl.notification.impl.NotificationServiceProvider
17:50:32.746 [FXGL Background Thread 3 ] DEBUG Engine               - class com.almasb.fxgl.achievement.AchievementService
17:50:32.746 [FXGL Background Thread 3 ] DEBUG Engine               - class com.almasb.fxgl.cutscene.CutsceneService
17:50:32.746 [FXGL Background Thread 3 ] DEBUG Engine               - class com.almasb.fxgl.minigames.MiniGameService
17:50:32.746 [FXGL Background Thread 3 ] DEBUG Engine               - class com.almasb.fxgl.net.NetService
17:50:32.747 [FXGL Background Thread 3 ] DEBUG Engine               - class com.almasb.fxgl.app.services.UpdaterService
17:50:32.747 [FXGL Background Thread 3 ] DEBUG Engine               - class com.almasb.fxgl.dev.DevService
17:50:46.460 [JavaFX Application Thread] DEBUG FXGLApplication      - Exiting FXGL
17:50:46.460 [JavaFX Application Thread] DEBUG LoopRunner           - Stopping loop
17:50:46.461 [JavaFX Application Thread] DEBUG SystemBundleService  - Saving FXGL system data
17:50:46.464 [JavaFX Application Thread] DEBUG FileSystemAccess     - Writing to: C:\Users\gerso\OneDrive\Documentos\Cuatrimestre 7\Concurrente\Java\Simulador-Restaurante\system\fxgl.bundle
17:50:46.468 [JavaFX Application Thread] DEBUG Async                - Shutting down background threads
17:50:46.468 [JavaFX Application Thread] DEBUG PrimaryStageWindow   - Closing main window
17:50:46.513 [JavaFX Application Thread] DEBUG Logger               - Closing Logger
