20:22:40.366 [main                     ] DEBUG Logger               - Configured Logger
20:22:40.387 [main                     ] DEBUG GameApplication      - Logging settings
Title: Simulador de Restaurante
Version: 0.0
Width: 2000
Height: 1000
Fullscreen: false
Intro: false
Profiling: false
Single step:false
App Mode: DEVELOPER
Menu Key: ESCAPE
Stage Style: DECORATED
Scene Factory: class com.almasb.fxgl.app.scene.SceneFactory

20:22:40.932 [JavaFX Application Thread] DEBUG FXGLApplication      - Initializing FXGL
20:22:40.937 [JavaFX Application Thread] INFO  Engine               - FXGL-17.2 (20.08.2022 16.50) on WINDOWS (J:20.0.1 FX:18)
20:22:40.937 [JavaFX Application Thread] DEBUG Engine               - JRE Vendor Name: Oracle Corporation
20:22:40.937 [JavaFX Application Thread] DEBUG Engine               - Running on OS: Windows 11 version 10.0
20:22:40.937 [JavaFX Application Thread] DEBUG Engine               - Architecture: amd64
20:22:40.938 [JavaFX Application Thread] INFO  Engine               - Source code and latest versions at: https://github.com/AlmasB/FXGL
20:22:40.938 [JavaFX Application Thread] INFO  Engine               -       Ask questions and discuss at: https://github.com/AlmasB/FXGL/discussions
20:22:40.938 [JavaFX Application Thread] INFO  Engine               -              Join the FXGL chat at: https://gitter.im/AlmasB/FXGL
20:22:41.050 [JavaFX Application Thread] DEBUG PrimaryStageWindow   - Creating a JavaFX scene
20:22:41.050 [JavaFX Application Thread] DEBUG PrimaryStageWindow   - Target size > screen size
20:22:41.098 [JavaFX Application Thread] DEBUG PrimaryStageWindow   - Target settings size: 2000.0 x 1000.0
20:22:41.098 [JavaFX Application Thread] DEBUG PrimaryStageWindow   - Scaled scene size:    1511.0 x 768.0
20:22:41.099 [JavaFX Application Thread] DEBUG PrimaryStageWindow   - Scaled ratio: (0.7555, 0.768)
20:22:41.101 [JavaFX Application Thread] DEBUG PrimaryStageWindow   - Set initial scene to FXGLStartupScene
20:22:41.109 [JavaFX Application Thread] DEBUG PrimaryStageWindow   - Opening main window
20:22:41.222 [JavaFX Application Thread] DEBUG PrimaryStageWindow   - Window border size: (14.5999755859375, 37.5999755859375)
20:22:41.224 [JavaFX Application Thread] DEBUG PrimaryStageWindow   - Scaled size: 1511.0 x 768.0
20:22:41.224 [JavaFX Application Thread] DEBUG PrimaryStageWindow   - Scaled ratio: (0.7555, 0.768)
20:22:41.224 [JavaFX Application Thread] DEBUG PrimaryStageWindow   - Scene size: 1511.0 x 768.0
20:22:41.224 [JavaFX Application Thread] DEBUG PrimaryStageWindow   - Stage size: 1525.5999755859375 x 805.5999755859375
20:22:41.233 [FXGL Background Thread 1 ] DEBUG Engine               - Initializing environment variables
20:22:41.328 [FXGL Background Thread 1 ] DEBUG FXGLAssetLoaderServi - User app class for loading assets: class org.example.views.RestaurantView
20:22:41.329 [FXGL Background Thread 1 ] DEBUG GameApplicationServi - Applying CSS: fxgl_dark.css
20:22:41.332 [FXGL Background Thread 1 ] DEBUG FXGLAssetLoaderServi - Loading from file system: jar:file:/C:/Users/gerso/.m2/repository/com/github/almasb/fxgl/17.2/fxgl-17.2.jar!/fxglassets/ui/css/fxgl_dark.css
20:22:41.389 [FXGL Background Thread 1 ] DEBUG GameApplicationServi - Initializing application scenes
20:22:41.454 [FXGL Background Thread 1 ] DEBUG GameWorld            - Game world initialized
20:22:41.524 [FXGL Background Thread 1 ] DEBUG PhysicsWorld         - Physics world initialized: appHeight=1000, physics.ppm=50.0
20:22:41.525 [FXGL Background Thread 1 ] DEBUG PhysicsWorld         - Using strategy: BRUTE_FORCE
20:22:41.531 [FXGL Background Thread 1 ] DEBUG GameScene            - Game scene initialized: 2000x1000
20:22:41.546 [FXGL Background Thread 1 ] DEBUG FXGL.DefaultMenu     - createMenuBodyGameMenu()
20:22:41.561 [FXGL Background Thread 1 ] DEBUG FXGL.DefaultMenu     - createOptionsMenu()
20:22:41.570 [FXGL Background Thread 1 ] DEBUG FXGLAssetLoaderServi - Loading from file system: jar:file:/C:/Users/gerso/.m2/repository/com/github/almasb/fxgl/17.2/fxgl-17.2.jar!/fxglassets/textures/particles/smoke.png
20:22:41.701 [FXGL Background Thread 1 ] DEBUG FXGLAssetLoaderServi - Loading from file system: jar:file:/C:/Users/gerso/.m2/repository/com/github/almasb/fxgl/17.2/fxgl-17.2.jar!/fxglassets/textures/particles/trace_horizontal.png
20:22:41.728 [FXGL Background Thread 1 ] DEBUG GameApplicationServi - Application scenes initialized
20:22:41.742 [FXGL Background Thread 1 ] DEBUG SystemBundleService  - Loading FXGL system data
20:22:41.748 [FXGL Background Thread 1 ] DEBUG FileSystemAccess     - Reading from: C:\Users\gerso\OneDrive\Documentos\Cuatrimestre 7\Concurrente\Java\Simulador-Restaurante\system\fxgl.bundle
20:22:41.758 [FXGL Background Thread 1 ] DEBUG SystemBundleService  - Bundle FXGL: {}
20:22:41.758 [FXGL Background Thread 1 ] DEBUG UpdaterService       - Checking for updates
20:22:41.765 [FXGL Background Thread 1 ] DEBUG FXGLApplication      - Loading default localization
20:22:41.766 [FXGL Background Thread 1 ] DEBUG FXGLAssetLoaderServi - Loading from file system: jar:file:/C:/Users/gerso/.m2/repository/com/github/almasb/fxgl/17.2/fxgl-17.2.jar!/fxglassets/languages/english.lang
20:22:41.766 [FXGL Background Thread 4 ] DEBUG FXGLApplication      - Loading fonts
20:22:41.767 [FXGL Background Thread 4 ] DEBUG FXGLAssetLoaderServi - Loading from file system: jar:file:/C:/Users/gerso/.m2/repository/com/github/almasb/fxgl/17.2/fxgl-17.2.jar!/fxglassets/ui/fonts/VarelaRound-Regular.ttf
20:22:41.798 [FXGL Background Thread 1 ] INFO  FXGLApplication      - FXGL initialization took: 0.565 sec
20:22:41.800 [JavaFX Application Thread] DEBUG FXGLAssetLoaderServi - Loading from file system: jar:file:/C:/Users/gerso/.m2/repository/com/github/almasb/fxgl/17.2/fxgl-17.2.jar!/fxglassets/textures/fxgl_icon.png
20:22:41.817 [JavaFX Application Thread] DEBUG FXGLAssetLoaderServi - Loading from file system: jar:file:/C:/Users/gerso/.m2/repository/com/github/almasb/fxgl/17.2/fxgl-17.2.jar!/fxglassets/textures/fxgl_default_cursor.png
20:22:41.830 [JavaFX Application Thread] DEBUG Input                - Registered new binding: Screenshot - CTRL+8
20:22:41.831 [JavaFX Application Thread] DEBUG Input                - Registered new binding: System info dump - CTRL+9
20:22:41.833 [JavaFX Application Thread] DEBUG Input                - Registered new binding: Restart - CTRL+R
20:22:41.836 [JavaFX Application Thread] DEBUG Input                - Registered new binding: Toggle Debug Camera - CTRL+7
20:22:41.840 [JavaFX Application Thread] DEBUG LoopRunner           - Starting loop
20:22:41.840 [JavaFX Application Thread] DEBUG LoopRunner           - Initializing JavaFX AnimationTimerLoop
20:22:41.843 [JavaFX Application Thread] DEBUG GameApplicationServi - Starting new game
20:22:41.844 [JavaFX Application Thread] DEBUG Input                - Clearing active input actions
20:22:41.857 [JavaFX Application Thread] DEBUG GameApplicationServi - Removing overlay from FXGLStartupScene and adding to FXGLLoadingScene
20:22:41.857 [JavaFX Application Thread] DEBUG PrimaryStageWindow   - FXGLStartupScene -> FXGLLoadingScene
20:22:41.857 [JavaFX Application Thread] DEBUG GameApplicationServi - Clearing previous game
20:22:41.857 [JavaFX Application Thread] DEBUG GameScene            - Clearing game scene
20:22:41.858 [JavaFX Application Thread] DEBUG GameWorld            - Clearing game world
20:22:41.858 [JavaFX Application Thread] DEBUG PhysicsWorld         - Clearing physics world
20:22:41.860 [FXGL Background Thread 1 ] DEBUG FXGLApplication      - Initializing game
20:22:41.862 [FXGL Background Thread 1 ] DEBUG FXGLAssetLoaderServi - Loading from file system: file:/C:/Users/gerso/OneDrive/Documentos/Cuatrimestre%207/Concurrente/Java/Simulador-Restaurante/target/classes/assets/textures/fondo.png
20:22:41.882 [FXGL Background Thread 1 ] DEBUG FXGLAssetLoaderServi - Loading from file system: file:/C:/Users/gerso/OneDrive/Documentos/Cuatrimestre%207/Concurrente/Java/Simulador-Restaurante/target/classes/assets/textures/chef.png
20:22:41.907 [FXGL Background Thread 1 ] DEBUG FXGLAssetLoaderServi - Loading from file system: file:/C:/Users/gerso/OneDrive/Documentos/Cuatrimestre%207/Concurrente/Java/Simulador-Restaurante/target/classes/assets/textures/mesa.png
20:22:41.921 [FXGL Background Thread 1 ] DEBUG FXGLAssetLoaderServi - Loading from file system: file:/C:/Users/gerso/OneDrive/Documentos/Cuatrimestre%207/Concurrente/Java/Simulador-Restaurante/target/classes/assets/textures/cliente.png
20:22:41.937 [FXGL Background Thread 1 ] DEBUG FXGLAssetLoaderServi - Loading from file system: file:/C:/Users/gerso/OneDrive/Documentos/Cuatrimestre%207/Concurrente/Java/Simulador-Restaurante/target/classes/assets/textures/mesera.png
20:22:41.951 [FXGL Background Thread 1 ] INFO  FXGLApplication      - Game initialization took: 0.091 sec
20:22:42.028 [FXGL Background Thread 4 ] DEBUG FXGLAssetLoaderServi - Loading from file system: jar:file:/C:/Users/gerso/.m2/repository/com/github/almasb/fxgl/17.2/fxgl-17.2.jar!/fxglassets/ui/fonts/Abel-Regular.ttf
20:22:42.043 [JavaFX Application Thread] DEBUG Input                - Clearing active input actions
20:22:42.053 [JavaFX Application Thread] DEBUG GameApplicationServi - Removing overlay from FXGLLoadingScene and adding to GameScene
20:22:42.053 [JavaFX Application Thread] DEBUG PrimaryStageWindow   - FXGLLoadingScene -> GameScene
20:22:42.079 [FXGL Background Thread 4 ] DEBUG FXGLAssetLoaderServi - Loading from file system: jar:file:/C:/Users/gerso/.m2/repository/com/github/almasb/fxgl/17.2/fxgl-17.2.jar!/fxglassets/ui/fonts/TerminalLandMono-Regular.otf
20:22:42.092 [FXGL Background Thread 4 ] DEBUG FXGLAssetLoaderServi - Loading from file system: jar:file:/C:/Users/gerso/.m2/repository/com/github/almasb/fxgl/17.2/fxgl-17.2.jar!/fxglassets/ui/fonts/Courier-Prime.ttf
20:22:42.107 [JavaFX Application Thread] DEBUG FXGLApplication      - Registering font factories with UI factory
20:22:42.489 [FXGL Background Thread 2 ] INFO  UpdaterService       - Your current version:  17.2
20:22:42.489 [FXGL Background Thread 2 ] INFO  UpdaterService       - Latest stable version: 21.1
20:22:44.764 [FXGL Background Thread 3 ] DEBUG Engine               - Logging environment variables
20:22:44.764 [FXGL Background Thread 3 ] DEBUG Engine               - achievements: []
20:22:44.764 [FXGL Background Thread 3 ] DEBUG Engine               - actualHeight: 768.0
20:22:44.764 [FXGL Background Thread 3 ] DEBUG Engine               - actualHeightProperty: ReadOnlyDoubleProperty [value: 768.0]
20:22:44.764 [FXGL Background Thread 3 ] DEBUG Engine               - actualWidth: 1511.0
20:22:44.764 [FXGL Background Thread 3 ] DEBUG Engine               - actualWidthProperty: ReadOnlyDoubleProperty [value: 1511.0]
20:22:44.764 [FXGL Background Thread 3 ] DEBUG Engine               - appIcon: fxgl_icon.png
20:22:44.764 [FXGL Background Thread 3 ] DEBUG Engine               - applicationMode: DEVELOPER
20:22:44.764 [FXGL Background Thread 3 ] DEBUG Engine               - cSSList: [fxgl_dark.css]
20:22:44.764 [FXGL Background Thread 3 ] DEBUG Engine               - collisionDetectionStrategy: BRUTE_FORCE
20:22:44.764 [FXGL Background Thread 3 ] DEBUG Engine               - configClass: Optional.empty
20:22:44.765 [FXGL Background Thread 3 ] DEBUG Engine               - credits: []
20:22:44.765 [FXGL Background Thread 3 ] DEBUG Engine               - defaultCursor: CursorInfo(imageName=fxgl_default_cursor.png, hotspotX=7.0, hotspotY=6.0)
20:22:44.765 [FXGL Background Thread 3 ] DEBUG Engine               - devBBoxColorProperty: ObjectProperty [value: 0xff0000ff]
20:22:44.765 [FXGL Background Thread 3 ] DEBUG Engine               - devEnableDebugCameraProperty: BooleanProperty [value: false]
20:22:44.765 [FXGL Background Thread 3 ] DEBUG Engine               - devSensorColorProperty: ObjectProperty [value: 0xffff00ff]
20:22:44.765 [FXGL Background Thread 3 ] DEBUG Engine               - devShowBBoxProperty: BooleanProperty [value: false]
20:22:44.765 [FXGL Background Thread 3 ] DEBUG Engine               - devShowPositionProperty: BooleanProperty [value: false]
20:22:44.765 [FXGL Background Thread 3 ] DEBUG Engine               - enabledMenuItems: []
20:22:44.765 [FXGL Background Thread 3 ] DEBUG Engine               - engineServices: [class com.almasb.fxgl.app.services.FXGLAssetLoaderService, class com.almasb.fxgl.app.FXGLApplication$GameApplicationService, class com.almasb.fxgl.app.services.FXGLDialogService, class com.almasb.fxgl.app.services.IOTaskExecutorService, class com.almasb.fxgl.io.FileSystemService, class com.almasb.fxgl.localization.LocalizationService, class com.almasb.fxgl.app.services.SystemBundleService, class com.almasb.fxgl.profile.SaveLoadService, class com.almasb.fxgl.ui.FXGLUIFactoryServiceProvider, class com.almasb.fxgl.ui.FXGLDialogFactoryServiceProvider, class com.almasb.fxgl.audio.AudioPlayer, class com.almasb.fxgl.notification.impl.NotificationServiceProvider, class com.almasb.fxgl.achievement.AchievementService, class com.almasb.fxgl.cutscene.CutsceneService, class com.almasb.fxgl.minigames.MiniGameService, class com.almasb.fxgl.net.NetService, class com.almasb.fxgl.app.services.UpdaterService, class com.almasb.fxgl.dev.DevService]
20:22:44.765 [FXGL Background Thread 3 ] DEBUG Engine               - fontGame: Abel-Regular.ttf
20:22:44.765 [FXGL Background Thread 3 ] DEBUG Engine               - fontMono: TerminalLandMono-Regular.otf
20:22:44.765 [FXGL Background Thread 3 ] DEBUG Engine               - fontText: Courier-Prime.ttf
20:22:44.765 [FXGL Background Thread 3 ] DEBUG Engine               - fontUI: VarelaRound-Regular.ttf
20:22:44.765 [FXGL Background Thread 3 ] DEBUG Engine               - fullScreen: BooleanProperty [value: false]
20:22:44.765 [FXGL Background Thread 3 ] DEBUG Engine               - gameDifficulty: MEDIUM
20:22:44.765 [FXGL Background Thread 3 ] DEBUG Engine               - gameDifficultyProperty: ObjectProperty [value: MEDIUM]
20:22:44.765 [FXGL Background Thread 3 ] DEBUG Engine               - globalMusicVolume: 0.5
20:22:44.765 [FXGL Background Thread 3 ] DEBUG Engine               - globalMusicVolumeProperty: DoubleProperty [value: 0.5]
20:22:44.766 [FXGL Background Thread 3 ] DEBUG Engine               - globalSoundVolume: 0.5
20:22:44.766 [FXGL Background Thread 3 ] DEBUG Engine               - globalSoundVolumeProperty: DoubleProperty [value: 0.5]
20:22:44.766 [FXGL Background Thread 3 ] DEBUG Engine               - height: 1000
20:22:44.766 [FXGL Background Thread 3 ] DEBUG Engine               - is3D: false
20:22:44.766 [FXGL Background Thread 3 ] DEBUG Engine               - isAndroid: false
20:22:44.766 [FXGL Background Thread 3 ] DEBUG Engine               - isBrowser: false
20:22:44.766 [FXGL Background Thread 3 ] DEBUG Engine               - isClickFeedbackEnabled: false
20:22:44.766 [FXGL Background Thread 3 ] DEBUG Engine               - isCloseConfirmation: false
20:22:44.766 [FXGL Background Thread 3 ] DEBUG Engine               - isDesktop: true
20:22:44.766 [FXGL Background Thread 3 ] DEBUG Engine               - isDeveloperMenuEnabled: false
20:22:44.766 [FXGL Background Thread 3 ] DEBUG Engine               - isEmbedded: false
20:22:44.766 [FXGL Background Thread 3 ] DEBUG Engine               - isEntityPreloadEnabled: true
20:22:44.766 [FXGL Background Thread 3 ] DEBUG Engine               - isExperimentalTiledLargeMap: false
20:22:44.766 [FXGL Background Thread 3 ] DEBUG Engine               - isFileSystemWriteAllowed: true
20:22:44.766 [FXGL Background Thread 3 ] DEBUG Engine               - isFullScreenAllowed: false
20:22:44.766 [FXGL Background Thread 3 ] DEBUG Engine               - isFullScreenFromStart: false
20:22:44.766 [FXGL Background Thread 3 ] DEBUG Engine               - isGameMenuEnabled: true
20:22:44.766 [FXGL Background Thread 3 ] DEBUG Engine               - isIOS: false
20:22:44.766 [FXGL Background Thread 3 ] DEBUG Engine               - isIntroEnabled: false
20:22:44.766 [FXGL Background Thread 3 ] DEBUG Engine               - isLinux: false
20:22:44.766 [FXGL Background Thread 3 ] DEBUG Engine               - isMac: false
20:22:44.766 [FXGL Background Thread 3 ] DEBUG Engine               - isMainMenuEnabled: false
20:22:44.766 [FXGL Background Thread 3 ] DEBUG Engine               - isManualResizeEnabled: false
20:22:44.766 [FXGL Background Thread 3 ] DEBUG Engine               - isMobile: false
20:22:44.766 [FXGL Background Thread 3 ] DEBUG Engine               - isNative: false
20:22:44.766 [FXGL Background Thread 3 ] DEBUG Engine               - isPauseMusicWhenMinimized: true
20:22:44.766 [FXGL Background Thread 3 ] DEBUG Engine               - isPreserveResizeRatio: false
20:22:44.766 [FXGL Background Thread 3 ] DEBUG Engine               - isProfilingEnabled: false
20:22:44.767 [FXGL Background Thread 3 ] DEBUG Engine               - isScaleAffectedOnResize: true
20:22:44.767 [FXGL Background Thread 3 ] DEBUG Engine               - isSingleStep: false
20:22:44.767 [FXGL Background Thread 3 ] DEBUG Engine               - isUserProfileEnabled: false
20:22:44.767 [FXGL Background Thread 3 ] DEBUG Engine               - isWindows: true
20:22:44.767 [FXGL Background Thread 3 ] DEBUG Engine               - language: ObjectProperty [value: ENGLISH]
20:22:44.767 [FXGL Background Thread 3 ] DEBUG Engine               - menuKey: ESCAPE
20:22:44.767 [FXGL Background Thread 3 ] DEBUG Engine               - mouseSensitivity: 0.2
20:22:44.767 [FXGL Background Thread 3 ] DEBUG Engine               - notificationViewClass: class com.almasb.fxgl.notification.view.XboxNotificationView
20:22:44.767 [FXGL Background Thread 3 ] DEBUG Engine               - pixelsPerMeter: 50.0
20:22:44.767 [FXGL Background Thread 3 ] DEBUG Engine               - platform: WINDOWS
20:22:44.767 [FXGL Background Thread 3 ] DEBUG Engine               - prefHeightProperty: ReadOnlyDoubleProperty [value: 1000.0]
20:22:44.767 [FXGL Background Thread 3 ] DEBUG Engine               - prefWidthProperty: ReadOnlyDoubleProperty [value: 2000.0]
20:22:44.767 [FXGL Background Thread 3 ] DEBUG Engine               - profileDir: profiles/
20:22:44.767 [FXGL Background Thread 3 ] DEBUG Engine               - profileName: StringProperty [value: DEFAULT]
20:22:44.767 [FXGL Background Thread 3 ] DEBUG Engine               - randomSeed: -1
20:22:44.767 [FXGL Background Thread 3 ] DEBUG Engine               - runtimeInfo: RuntimeInfo(platform=WINDOWS, version=17.2, build=20.08.2022 16.50)
20:22:44.767 [FXGL Background Thread 3 ] DEBUG Engine               - saveFileExt: sav
20:22:44.767 [FXGL Background Thread 3 ] DEBUG Engine               - scaledHeightProp$fxgl: DoubleProperty [bound, value: 768.0]
20:22:44.767 [FXGL Background Thread 3 ] DEBUG Engine               - scaledWidthProp$fxgl: DoubleProperty [bound, value: 1511.0]
20:22:44.768 [FXGL Background Thread 3 ] DEBUG Engine               - sceneFactory: com.almasb.fxgl.app.scene.SceneFactory@26ee17a9
20:22:44.768 [FXGL Background Thread 3 ] DEBUG Engine               - secondsIn24h: 60
20:22:44.768 [FXGL Background Thread 3 ] DEBUG Engine               - soundMenuBack: menu/back.wav
20:22:44.768 [FXGL Background Thread 3 ] DEBUG Engine               - soundMenuPress: menu/press.wav
20:22:44.768 [FXGL Background Thread 3 ] DEBUG Engine               - soundMenuSelect: menu/select.wav
20:22:44.768 [FXGL Background Thread 3 ] DEBUG Engine               - soundNotification: core/notification.wav
20:22:44.768 [FXGL Background Thread 3 ] DEBUG Engine               - stageStyle: DECORATED
20:22:44.768 [FXGL Background Thread 3 ] DEBUG Engine               - supportedLanguages: [ENGLISH, FRENCH, GERMAN, HUNGARIAN, RUSSIAN]
20:22:44.768 [FXGL Background Thread 3 ] DEBUG Engine               - ticksPerSecond: -1
20:22:44.768 [FXGL Background Thread 3 ] DEBUG Engine               - title: Simulador de Restaurante
20:22:44.768 [FXGL Background Thread 3 ] DEBUG Engine               - urlGithub: https://github.com/AlmasB/FXGL
20:22:44.768 [FXGL Background Thread 3 ] DEBUG Engine               - urlLeaderboard: http://fxgl-top.herokuapp.com/
20:22:44.768 [FXGL Background Thread 3 ] DEBUG Engine               - urlPOM: https://raw.githubusercontent.com/AlmasB/FXGL/release/README.md
20:22:44.768 [FXGL Background Thread 3 ] DEBUG Engine               - userAppClass: class org.example.views.RestaurantView
20:22:44.768 [FXGL Background Thread 3 ] DEBUG Engine               - version: 0.0
20:22:44.768 [FXGL Background Thread 3 ] DEBUG Engine               - versionCheckDays: 7
20:22:44.768 [FXGL Background Thread 3 ] DEBUG Engine               - width: 2000
20:22:44.768 [FXGL Background Thread 3 ] DEBUG Engine               - Logging services
20:22:44.768 [FXGL Background Thread 3 ] DEBUG Engine               - class com.almasb.fxgl.app.services.FXGLAssetLoaderService
20:22:44.768 [FXGL Background Thread 3 ] DEBUG Engine               - class com.almasb.fxgl.app.FXGLApplication$GameApplicationService
20:22:44.768 [FXGL Background Thread 3 ] DEBUG Engine               - class com.almasb.fxgl.app.services.FXGLDialogService
20:22:44.768 [FXGL Background Thread 3 ] DEBUG Engine               - class com.almasb.fxgl.app.services.IOTaskExecutorService
20:22:44.768 [FXGL Background Thread 3 ] DEBUG Engine               - class com.almasb.fxgl.io.FileSystemService
20:22:44.768 [FXGL Background Thread 3 ] DEBUG Engine               - class com.almasb.fxgl.localization.LocalizationService
20:22:44.768 [FXGL Background Thread 3 ] DEBUG Engine               - class com.almasb.fxgl.app.services.SystemBundleService
20:22:44.768 [FXGL Background Thread 3 ] DEBUG Engine               - class com.almasb.fxgl.profile.SaveLoadService
20:22:44.768 [FXGL Background Thread 3 ] DEBUG Engine               - class com.almasb.fxgl.ui.FXGLUIFactoryServiceProvider
20:22:44.768 [FXGL Background Thread 3 ] DEBUG Engine               - class com.almasb.fxgl.ui.FXGLDialogFactoryServiceProvider
20:22:44.768 [FXGL Background Thread 3 ] DEBUG Engine               - class com.almasb.fxgl.audio.AudioPlayer
20:22:44.768 [FXGL Background Thread 3 ] DEBUG Engine               - class com.almasb.fxgl.notification.impl.NotificationServiceProvider
20:22:44.768 [FXGL Background Thread 3 ] DEBUG Engine               - class com.almasb.fxgl.achievement.AchievementService
20:22:44.768 [FXGL Background Thread 3 ] DEBUG Engine               - class com.almasb.fxgl.cutscene.CutsceneService
20:22:44.768 [FXGL Background Thread 3 ] DEBUG Engine               - class com.almasb.fxgl.minigames.MiniGameService
20:22:44.769 [FXGL Background Thread 3 ] DEBUG Engine               - class com.almasb.fxgl.net.NetService
20:22:44.769 [FXGL Background Thread 3 ] DEBUG Engine               - class com.almasb.fxgl.app.services.UpdaterService
20:22:44.769 [FXGL Background Thread 3 ] DEBUG Engine               - class com.almasb.fxgl.dev.DevService
20:22:53.505 [JavaFX Application Thread] DEBUG FXGLApplication      - Exiting FXGL
20:22:53.505 [JavaFX Application Thread] DEBUG LoopRunner           - Stopping loop
20:22:53.505 [JavaFX Application Thread] DEBUG SystemBundleService  - Saving FXGL system data
20:22:53.507 [JavaFX Application Thread] DEBUG FileSystemAccess     - Writing to: C:\Users\gerso\OneDrive\Documentos\Cuatrimestre 7\Concurrente\Java\Simulador-Restaurante\system\fxgl.bundle
20:22:53.510 [JavaFX Application Thread] DEBUG Async                - Shutting down background threads
20:22:53.510 [JavaFX Application Thread] DEBUG PrimaryStageWindow   - Closing main window
20:22:53.523 [JavaFX Application Thread] DEBUG Logger               - Closing Logger
