21:08:27.956 [main                     ] DEBUG Logger               - Configured Logger
21:08:27.976 [main                     ] DEBUG GameApplication      - Logging settings
Title: Simulador de Restaurante
Version: 0.0
Width: 1200
Height: 800
Fullscreen: false
Intro: false
Profiling: false
Single step:false
App Mode: DEVELOPER
Menu Key: ESCAPE
Stage Style: DECORATED
Scene Factory: class com.almasb.fxgl.app.scene.SceneFactory

21:08:28.750 [JavaFX Application Thread] DEBUG FXGLApplication      - Initializing FXGL
21:08:28.754 [JavaFX Application Thread] INFO  Engine               - FXGL-17.2 (20.08.2022 16.50) on WINDOWS (J:20.0.1 FX:18)
21:08:28.755 [JavaFX Application Thread] DEBUG Engine               - JRE Vendor Name: Oracle Corporation
21:08:28.755 [JavaFX Application Thread] DEBUG Engine               - Running on OS: Windows 11 version 10.0
21:08:28.755 [JavaFX Application Thread] DEBUG Engine               - Architecture: amd64
21:08:28.755 [JavaFX Application Thread] INFO  Engine               - Source code and latest versions at: https://github.com/AlmasB/FXGL
21:08:28.755 [JavaFX Application Thread] INFO  Engine               -       Ask questions and discuss at: https://github.com/AlmasB/FXGL/discussions
21:08:28.755 [JavaFX Application Thread] INFO  Engine               -              Join the FXGL chat at: https://gitter.im/AlmasB/FXGL
21:08:28.869 [JavaFX Application Thread] DEBUG PrimaryStageWindow   - Creating a JavaFX scene
21:08:28.976 [JavaFX Application Thread] DEBUG PrimaryStageWindow   - Target settings size: 1200.0 x 800.0
21:08:28.976 [JavaFX Application Thread] DEBUG PrimaryStageWindow   - Scaled scene size:    1200.0 x 800.0
21:08:28.976 [JavaFX Application Thread] DEBUG PrimaryStageWindow   - Scaled ratio: (1.0, 1.0)
21:08:28.981 [JavaFX Application Thread] DEBUG PrimaryStageWindow   - Set initial scene to FXGLStartupScene
21:08:28.987 [JavaFX Application Thread] DEBUG PrimaryStageWindow   - Opening main window
21:08:29.197 [JavaFX Application Thread] DEBUG PrimaryStageWindow   - Window border size: (14.4000244140625, 37.5999755859375)
21:08:29.198 [JavaFX Application Thread] DEBUG PrimaryStageWindow   - Scaled size: 1200.0 x 800.0
21:08:29.198 [JavaFX Application Thread] DEBUG PrimaryStageWindow   - Scaled ratio: (1.0, 1.0)
21:08:29.198 [JavaFX Application Thread] DEBUG PrimaryStageWindow   - Scene size: 1200.0 x 800.0
21:08:29.199 [JavaFX Application Thread] DEBUG PrimaryStageWindow   - Stage size: 1214.4000244140625 x 837.5999755859375
21:08:29.209 [FXGL Background Thread 1 ] DEBUG Engine               - Initializing environment variables
21:08:29.286 [FXGL Background Thread 1 ] DEBUG FXGLAssetLoaderServi - User app class for loading assets: class org.example.views.RestaurantView
21:08:29.286 [FXGL Background Thread 1 ] DEBUG GameApplicationServi - Applying CSS: fxgl_dark.css
21:08:29.287 [FXGL Background Thread 1 ] DEBUG FXGLAssetLoaderServi - Loading from file system: jar:file:/C:/Users/gerso/.m2/repository/com/github/almasb/fxgl/17.2/fxgl-17.2.jar!/fxglassets/ui/css/fxgl_dark.css
21:08:29.336 [FXGL Background Thread 1 ] DEBUG GameApplicationServi - Initializing application scenes
21:08:29.399 [FXGL Background Thread 1 ] DEBUG GameWorld            - Game world initialized
21:08:29.450 [FXGL Background Thread 1 ] DEBUG PhysicsWorld         - Physics world initialized: appHeight=800, physics.ppm=50.0
21:08:29.450 [FXGL Background Thread 1 ] DEBUG PhysicsWorld         - Using strategy: BRUTE_FORCE
21:08:29.454 [FXGL Background Thread 1 ] DEBUG GameScene            - Game scene initialized: 1200x800
21:08:29.468 [FXGL Background Thread 1 ] DEBUG FXGL.DefaultMenu     - createMenuBodyGameMenu()
21:08:29.489 [FXGL Background Thread 1 ] DEBUG FXGL.DefaultMenu     - createOptionsMenu()
21:08:29.504 [FXGL Background Thread 1 ] DEBUG FXGLAssetLoaderServi - Loading from file system: jar:file:/C:/Users/gerso/.m2/repository/com/github/almasb/fxgl/17.2/fxgl-17.2.jar!/fxglassets/textures/particles/smoke.png
21:08:29.637 [FXGL Background Thread 1 ] DEBUG FXGLAssetLoaderServi - Loading from file system: jar:file:/C:/Users/gerso/.m2/repository/com/github/almasb/fxgl/17.2/fxgl-17.2.jar!/fxglassets/textures/particles/trace_horizontal.png
21:08:29.657 [FXGL Background Thread 1 ] DEBUG GameApplicationServi - Application scenes initialized
21:08:29.670 [FXGL Background Thread 1 ] DEBUG SystemBundleService  - Loading FXGL system data
21:08:29.680 [FXGL Background Thread 1 ] DEBUG FileSystemAccess     - Reading from: C:\Users\gerso\OneDrive\Documentos\Cuatrimestre 7\Concurrente\Java\Simulador-Restaurante\system\fxgl.bundle
21:08:29.691 [FXGL Background Thread 1 ] DEBUG SystemBundleService  - Bundle FXGL: {}
21:08:29.691 [FXGL Background Thread 1 ] DEBUG UpdaterService       - Checking for updates
21:08:29.696 [FXGL Background Thread 4 ] DEBUG FXGLApplication      - Loading fonts
21:08:29.696 [FXGL Background Thread 4 ] DEBUG FXGLAssetLoaderServi - Loading from file system: jar:file:/C:/Users/gerso/.m2/repository/com/github/almasb/fxgl/17.2/fxgl-17.2.jar!/fxglassets/ui/fonts/VarelaRound-Regular.ttf
21:08:29.696 [FXGL Background Thread 1 ] DEBUG FXGLApplication      - Loading default localization
21:08:29.698 [FXGL Background Thread 1 ] DEBUG FXGLAssetLoaderServi - Loading from file system: jar:file:/C:/Users/gerso/.m2/repository/com/github/almasb/fxgl/17.2/fxgl-17.2.jar!/fxglassets/languages/english.lang
21:08:29.735 [FXGL Background Thread 1 ] INFO  FXGLApplication      - FXGL initialization took: 0.526 sec
21:08:29.737 [JavaFX Application Thread] DEBUG FXGLAssetLoaderServi - Loading from file system: jar:file:/C:/Users/gerso/.m2/repository/com/github/almasb/fxgl/17.2/fxgl-17.2.jar!/fxglassets/textures/fxgl_icon.png
21:08:29.757 [JavaFX Application Thread] DEBUG FXGLAssetLoaderServi - Loading from file system: jar:file:/C:/Users/gerso/.m2/repository/com/github/almasb/fxgl/17.2/fxgl-17.2.jar!/fxglassets/textures/fxgl_default_cursor.png
21:08:29.772 [JavaFX Application Thread] DEBUG Input                - Registered new binding: Screenshot - CTRL+8
21:08:29.773 [JavaFX Application Thread] DEBUG Input                - Registered new binding: System info dump - CTRL+9
21:08:29.774 [JavaFX Application Thread] DEBUG Input                - Registered new binding: Restart - CTRL+R
21:08:29.776 [JavaFX Application Thread] DEBUG Input                - Registered new binding: Toggle Debug Camera - CTRL+7
21:08:29.781 [JavaFX Application Thread] DEBUG LoopRunner           - Starting loop
21:08:29.782 [JavaFX Application Thread] DEBUG LoopRunner           - Initializing JavaFX AnimationTimerLoop
21:08:29.785 [JavaFX Application Thread] DEBUG GameApplicationServi - Starting new game
21:08:29.786 [JavaFX Application Thread] DEBUG Input                - Clearing active input actions
21:08:29.800 [FXGL Background Thread 4 ] DEBUG FXGLAssetLoaderServi - Loading from file system: jar:file:/C:/Users/gerso/.m2/repository/com/github/almasb/fxgl/17.2/fxgl-17.2.jar!/fxglassets/ui/fonts/Abel-Regular.ttf
21:08:29.800 [JavaFX Application Thread] DEBUG GameApplicationServi - Removing overlay from FXGLStartupScene and adding to FXGLLoadingScene
21:08:29.801 [JavaFX Application Thread] DEBUG PrimaryStageWindow   - FXGLStartupScene -> FXGLLoadingScene
21:08:29.801 [JavaFX Application Thread] DEBUG GameApplicationServi - Clearing previous game
21:08:29.801 [JavaFX Application Thread] DEBUG GameScene            - Clearing game scene
21:08:29.801 [JavaFX Application Thread] DEBUG GameWorld            - Clearing game world
21:08:29.801 [JavaFX Application Thread] DEBUG PhysicsWorld         - Clearing physics world
21:08:29.804 [FXGL Background Thread 1 ] DEBUG FXGLApplication      - Initializing game
21:08:29.807 [FXGL Background Thread 1 ] DEBUG FXGLAssetLoaderServi - Loading from file system: file:/C:/Users/gerso/OneDrive/Documentos/Cuatrimestre%207/Concurrente/Java/Simulador-Restaurante/target/classes/assets/textures/fondo.png
21:08:29.816 [FXGL Background Thread 4 ] DEBUG FXGLAssetLoaderServi - Loading from file system: jar:file:/C:/Users/gerso/.m2/repository/com/github/almasb/fxgl/17.2/fxgl-17.2.jar!/fxglassets/ui/fonts/TerminalLandMono-Regular.otf
21:08:29.833 [FXGL Background Thread 4 ] DEBUG FXGLAssetLoaderServi - Loading from file system: jar:file:/C:/Users/gerso/.m2/repository/com/github/almasb/fxgl/17.2/fxgl-17.2.jar!/fxglassets/ui/fonts/Courier-Prime.ttf
21:08:29.835 [FXGL Background Thread 1 ] DEBUG FXGLAssetLoaderServi - Loading from file system: file:/C:/Users/gerso/OneDrive/Documentos/Cuatrimestre%207/Concurrente/Java/Simulador-Restaurante/target/classes/assets/textures/recepcionista.png
21:08:29.861 [FXGL Background Thread 1 ] DEBUG FXGLAssetLoaderServi - Loading from file system: file:/C:/Users/gerso/OneDrive/Documentos/Cuatrimestre%207/Concurrente/Java/Simulador-Restaurante/target/classes/assets/textures/chef.png
21:08:29.872 [FXGL Background Thread 1 ] DEBUG FXGLAssetLoaderServi - Loading from file system: file:/C:/Users/gerso/OneDrive/Documentos/Cuatrimestre%207/Concurrente/Java/Simulador-Restaurante/target/classes/assets/textures/mesa.png
21:08:29.874 [JavaFX Application Thread] DEBUG FXGLApplication      - Registering font factories with UI factory
21:08:29.881 [FXGL Background Thread 1 ] DEBUG FXGLAssetLoaderServi - Loading from file system: file:/C:/Users/gerso/OneDrive/Documentos/Cuatrimestre%207/Concurrente/Java/Simulador-Restaurante/target/classes/assets/textures/cliente.png
21:08:29.894 [FXGL Background Thread 1 ] DEBUG FXGLAssetLoaderServi - Loading from file system: file:/C:/Users/gerso/OneDrive/Documentos/Cuatrimestre%207/Concurrente/Java/Simulador-Restaurante/target/classes/assets/textures/mesera.png
21:08:29.905 [FXGL Background Thread 1 ] INFO  FXGLApplication      - Game initialization took: 0.100 sec
21:08:29.991 [JavaFX Application Thread] DEBUG Input                - Clearing active input actions
21:08:29.999 [JavaFX Application Thread] DEBUG GameApplicationServi - Removing overlay from FXGLLoadingScene and adding to GameScene
21:08:29.999 [JavaFX Application Thread] DEBUG PrimaryStageWindow   - FXGLLoadingScene -> GameScene
21:08:30.440 [FXGL Background Thread 2 ] INFO  UpdaterService       - Your current version:  17.2
21:08:30.440 [FXGL Background Thread 2 ] INFO  UpdaterService       - Latest stable version: 21.1
21:08:32.695 [FXGL Background Thread 3 ] DEBUG Engine               - Logging environment variables
21:08:32.696 [FXGL Background Thread 3 ] DEBUG Engine               - achievements: []
21:08:32.697 [FXGL Background Thread 3 ] DEBUG Engine               - actualHeight: 800.0
21:08:32.697 [FXGL Background Thread 3 ] DEBUG Engine               - actualHeightProperty: ReadOnlyDoubleProperty [value: 800.0]
21:08:32.697 [FXGL Background Thread 3 ] DEBUG Engine               - actualWidth: 1200.0
21:08:32.697 [FXGL Background Thread 3 ] DEBUG Engine               - actualWidthProperty: ReadOnlyDoubleProperty [value: 1200.0]
21:08:32.697 [FXGL Background Thread 3 ] DEBUG Engine               - appIcon: fxgl_icon.png
21:08:32.697 [FXGL Background Thread 3 ] DEBUG Engine               - applicationMode: DEVELOPER
21:08:32.698 [FXGL Background Thread 3 ] DEBUG Engine               - cSSList: [fxgl_dark.css]
21:08:32.698 [FXGL Background Thread 3 ] DEBUG Engine               - collisionDetectionStrategy: BRUTE_FORCE
21:08:32.698 [FXGL Background Thread 3 ] DEBUG Engine               - configClass: Optional.empty
21:08:32.698 [FXGL Background Thread 3 ] DEBUG Engine               - credits: []
21:08:32.699 [FXGL Background Thread 3 ] DEBUG Engine               - defaultCursor: CursorInfo(imageName=fxgl_default_cursor.png, hotspotX=7.0, hotspotY=6.0)
21:08:32.699 [FXGL Background Thread 3 ] DEBUG Engine               - devBBoxColorProperty: ObjectProperty [value: 0xff0000ff]
21:08:32.699 [FXGL Background Thread 3 ] DEBUG Engine               - devEnableDebugCameraProperty: BooleanProperty [value: false]
21:08:32.699 [FXGL Background Thread 3 ] DEBUG Engine               - devSensorColorProperty: ObjectProperty [value: 0xffff00ff]
21:08:32.700 [FXGL Background Thread 3 ] DEBUG Engine               - devShowBBoxProperty: BooleanProperty [value: false]
21:08:32.700 [FXGL Background Thread 3 ] DEBUG Engine               - devShowPositionProperty: BooleanProperty [value: false]
21:08:32.700 [FXGL Background Thread 3 ] DEBUG Engine               - enabledMenuItems: []
21:08:32.700 [FXGL Background Thread 3 ] DEBUG Engine               - engineServices: [class com.almasb.fxgl.app.services.FXGLAssetLoaderService, class com.almasb.fxgl.app.FXGLApplication$GameApplicationService, class com.almasb.fxgl.app.services.FXGLDialogService, class com.almasb.fxgl.app.services.IOTaskExecutorService, class com.almasb.fxgl.io.FileSystemService, class com.almasb.fxgl.localization.LocalizationService, class com.almasb.fxgl.app.services.SystemBundleService, class com.almasb.fxgl.profile.SaveLoadService, class com.almasb.fxgl.ui.FXGLUIFactoryServiceProvider, class com.almasb.fxgl.ui.FXGLDialogFactoryServiceProvider, class com.almasb.fxgl.audio.AudioPlayer, class com.almasb.fxgl.notification.impl.NotificationServiceProvider, class com.almasb.fxgl.achievement.AchievementService, class com.almasb.fxgl.cutscene.CutsceneService, class com.almasb.fxgl.minigames.MiniGameService, class com.almasb.fxgl.net.NetService, class com.almasb.fxgl.app.services.UpdaterService, class com.almasb.fxgl.dev.DevService]
21:08:32.700 [FXGL Background Thread 3 ] DEBUG Engine               - fontGame: Abel-Regular.ttf
21:08:32.700 [FXGL Background Thread 3 ] DEBUG Engine               - fontMono: TerminalLandMono-Regular.otf
21:08:32.700 [FXGL Background Thread 3 ] DEBUG Engine               - fontText: Courier-Prime.ttf
21:08:32.700 [FXGL Background Thread 3 ] DEBUG Engine               - fontUI: VarelaRound-Regular.ttf
21:08:32.700 [FXGL Background Thread 3 ] DEBUG Engine               - fullScreen: BooleanProperty [value: false]
21:08:32.700 [FXGL Background Thread 3 ] DEBUG Engine               - gameDifficulty: MEDIUM
21:08:32.700 [FXGL Background Thread 3 ] DEBUG Engine               - gameDifficultyProperty: ObjectProperty [value: MEDIUM]
21:08:32.700 [FXGL Background Thread 3 ] DEBUG Engine               - globalMusicVolume: 0.5
21:08:32.700 [FXGL Background Thread 3 ] DEBUG Engine               - globalMusicVolumeProperty: DoubleProperty [value: 0.5]
21:08:32.700 [FXGL Background Thread 3 ] DEBUG Engine               - globalSoundVolume: 0.5
21:08:32.701 [FXGL Background Thread 3 ] DEBUG Engine               - globalSoundVolumeProperty: DoubleProperty [value: 0.5]
21:08:32.701 [FXGL Background Thread 3 ] DEBUG Engine               - height: 800
21:08:32.701 [FXGL Background Thread 3 ] DEBUG Engine               - is3D: false
21:08:32.701 [FXGL Background Thread 3 ] DEBUG Engine               - isAndroid: false
21:08:32.701 [FXGL Background Thread 3 ] DEBUG Engine               - isBrowser: false
21:08:32.701 [FXGL Background Thread 3 ] DEBUG Engine               - isClickFeedbackEnabled: false
21:08:32.701 [FXGL Background Thread 3 ] DEBUG Engine               - isCloseConfirmation: false
21:08:32.701 [FXGL Background Thread 3 ] DEBUG Engine               - isDesktop: true
21:08:32.701 [FXGL Background Thread 3 ] DEBUG Engine               - isDeveloperMenuEnabled: false
21:08:32.701 [FXGL Background Thread 3 ] DEBUG Engine               - isEmbedded: false
21:08:32.701 [FXGL Background Thread 3 ] DEBUG Engine               - isEntityPreloadEnabled: true
21:08:32.701 [FXGL Background Thread 3 ] DEBUG Engine               - isExperimentalTiledLargeMap: false
21:08:32.702 [FXGL Background Thread 3 ] DEBUG Engine               - isFileSystemWriteAllowed: true
21:08:32.702 [FXGL Background Thread 3 ] DEBUG Engine               - isFullScreenAllowed: false
21:08:32.702 [FXGL Background Thread 3 ] DEBUG Engine               - isFullScreenFromStart: false
21:08:32.702 [FXGL Background Thread 3 ] DEBUG Engine               - isGameMenuEnabled: true
21:08:32.702 [FXGL Background Thread 3 ] DEBUG Engine               - isIOS: false
21:08:32.702 [FXGL Background Thread 3 ] DEBUG Engine               - isIntroEnabled: false
21:08:32.702 [FXGL Background Thread 3 ] DEBUG Engine               - isLinux: false
21:08:32.702 [FXGL Background Thread 3 ] DEBUG Engine               - isMac: false
21:08:32.702 [FXGL Background Thread 3 ] DEBUG Engine               - isMainMenuEnabled: false
21:08:32.702 [FXGL Background Thread 3 ] DEBUG Engine               - isManualResizeEnabled: false
21:08:32.702 [FXGL Background Thread 3 ] DEBUG Engine               - isMobile: false
21:08:32.702 [FXGL Background Thread 3 ] DEBUG Engine               - isNative: false
21:08:32.702 [FXGL Background Thread 3 ] DEBUG Engine               - isPauseMusicWhenMinimized: true
21:08:32.702 [FXGL Background Thread 3 ] DEBUG Engine               - isPreserveResizeRatio: false
21:08:32.702 [FXGL Background Thread 3 ] DEBUG Engine               - isProfilingEnabled: false
21:08:32.703 [FXGL Background Thread 3 ] DEBUG Engine               - isScaleAffectedOnResize: true
21:08:32.703 [FXGL Background Thread 3 ] DEBUG Engine               - isSingleStep: false
21:08:32.703 [FXGL Background Thread 3 ] DEBUG Engine               - isUserProfileEnabled: false
21:08:32.703 [FXGL Background Thread 3 ] DEBUG Engine               - isWindows: true
21:08:32.703 [FXGL Background Thread 3 ] DEBUG Engine               - language: ObjectProperty [value: ENGLISH]
21:08:32.703 [FXGL Background Thread 3 ] DEBUG Engine               - menuKey: ESCAPE
21:08:32.703 [FXGL Background Thread 3 ] DEBUG Engine               - mouseSensitivity: 0.2
21:08:32.703 [FXGL Background Thread 3 ] DEBUG Engine               - notificationViewClass: class com.almasb.fxgl.notification.view.XboxNotificationView
21:08:32.703 [FXGL Background Thread 3 ] DEBUG Engine               - pixelsPerMeter: 50.0
21:08:32.703 [FXGL Background Thread 3 ] DEBUG Engine               - platform: WINDOWS
21:08:32.703 [FXGL Background Thread 3 ] DEBUG Engine               - prefHeightProperty: ReadOnlyDoubleProperty [value: 800.0]
21:08:32.703 [FXGL Background Thread 3 ] DEBUG Engine               - prefWidthProperty: ReadOnlyDoubleProperty [value: 1200.0]
21:08:32.703 [FXGL Background Thread 3 ] DEBUG Engine               - profileDir: profiles/
21:08:32.703 [FXGL Background Thread 3 ] DEBUG Engine               - profileName: StringProperty [value: DEFAULT]
21:08:32.703 [FXGL Background Thread 3 ] DEBUG Engine               - randomSeed: -1
21:08:32.703 [FXGL Background Thread 3 ] DEBUG Engine               - runtimeInfo: RuntimeInfo(platform=WINDOWS, version=17.2, build=20.08.2022 16.50)
21:08:32.704 [FXGL Background Thread 3 ] DEBUG Engine               - saveFileExt: sav
21:08:32.704 [FXGL Background Thread 3 ] DEBUG Engine               - scaledHeightProp$fxgl: DoubleProperty [bound, value: 800.0]
21:08:32.704 [FXGL Background Thread 3 ] DEBUG Engine               - scaledWidthProp$fxgl: DoubleProperty [bound, value: 1200.0]
21:08:32.704 [FXGL Background Thread 3 ] DEBUG Engine               - sceneFactory: com.almasb.fxgl.app.scene.SceneFactory@114b5972
21:08:32.704 [FXGL Background Thread 3 ] DEBUG Engine               - secondsIn24h: 60
21:08:32.704 [FXGL Background Thread 3 ] DEBUG Engine               - soundMenuBack: menu/back.wav
21:08:32.704 [FXGL Background Thread 3 ] DEBUG Engine               - soundMenuPress: menu/press.wav
21:08:32.704 [FXGL Background Thread 3 ] DEBUG Engine               - soundMenuSelect: menu/select.wav
21:08:32.704 [FXGL Background Thread 3 ] DEBUG Engine               - soundNotification: core/notification.wav
21:08:32.704 [FXGL Background Thread 3 ] DEBUG Engine               - stageStyle: DECORATED
21:08:32.704 [FXGL Background Thread 3 ] DEBUG Engine               - supportedLanguages: [ENGLISH, FRENCH, GERMAN, HUNGARIAN, RUSSIAN]
21:08:32.704 [FXGL Background Thread 3 ] DEBUG Engine               - ticksPerSecond: -1
21:08:32.705 [FXGL Background Thread 3 ] DEBUG Engine               - title: Simulador de Restaurante
21:08:32.705 [FXGL Background Thread 3 ] DEBUG Engine               - urlGithub: https://github.com/AlmasB/FXGL
21:08:32.705 [FXGL Background Thread 3 ] DEBUG Engine               - urlLeaderboard: http://fxgl-top.herokuapp.com/
21:08:32.705 [FXGL Background Thread 3 ] DEBUG Engine               - urlPOM: https://raw.githubusercontent.com/AlmasB/FXGL/release/README.md
21:08:32.705 [FXGL Background Thread 3 ] DEBUG Engine               - userAppClass: class org.example.views.RestaurantView
21:08:32.705 [FXGL Background Thread 3 ] DEBUG Engine               - version: 0.0
21:08:32.705 [FXGL Background Thread 3 ] DEBUG Engine               - versionCheckDays: 7
21:08:32.705 [FXGL Background Thread 3 ] DEBUG Engine               - width: 1200
21:08:32.705 [FXGL Background Thread 3 ] DEBUG Engine               - Logging services
21:08:32.705 [FXGL Background Thread 3 ] DEBUG Engine               - class com.almasb.fxgl.app.services.FXGLAssetLoaderService
21:08:32.705 [FXGL Background Thread 3 ] DEBUG Engine               - class com.almasb.fxgl.app.FXGLApplication$GameApplicationService
21:08:32.705 [FXGL Background Thread 3 ] DEBUG Engine               - class com.almasb.fxgl.app.services.FXGLDialogService
21:08:32.705 [FXGL Background Thread 3 ] DEBUG Engine               - class com.almasb.fxgl.app.services.IOTaskExecutorService
21:08:32.705 [FXGL Background Thread 3 ] DEBUG Engine               - class com.almasb.fxgl.io.FileSystemService
21:08:32.706 [FXGL Background Thread 3 ] DEBUG Engine               - class com.almasb.fxgl.localization.LocalizationService
21:08:32.706 [FXGL Background Thread 3 ] DEBUG Engine               - class com.almasb.fxgl.app.services.SystemBundleService
21:08:32.706 [FXGL Background Thread 3 ] DEBUG Engine               - class com.almasb.fxgl.profile.SaveLoadService
21:08:32.706 [FXGL Background Thread 3 ] DEBUG Engine               - class com.almasb.fxgl.ui.FXGLUIFactoryServiceProvider
21:08:32.706 [FXGL Background Thread 3 ] DEBUG Engine               - class com.almasb.fxgl.ui.FXGLDialogFactoryServiceProvider
21:08:32.706 [FXGL Background Thread 3 ] DEBUG Engine               - class com.almasb.fxgl.audio.AudioPlayer
21:08:32.706 [FXGL Background Thread 3 ] DEBUG Engine               - class com.almasb.fxgl.notification.impl.NotificationServiceProvider
21:08:32.706 [FXGL Background Thread 3 ] DEBUG Engine               - class com.almasb.fxgl.achievement.AchievementService
21:08:32.706 [FXGL Background Thread 3 ] DEBUG Engine               - class com.almasb.fxgl.cutscene.CutsceneService
21:08:32.706 [FXGL Background Thread 3 ] DEBUG Engine               - class com.almasb.fxgl.minigames.MiniGameService
21:08:32.706 [FXGL Background Thread 3 ] DEBUG Engine               - class com.almasb.fxgl.net.NetService
21:08:32.706 [FXGL Background Thread 3 ] DEBUG Engine               - class com.almasb.fxgl.app.services.UpdaterService
21:08:32.706 [FXGL Background Thread 3 ] DEBUG Engine               - class com.almasb.fxgl.dev.DevService
21:08:52.691 [JavaFX Application Thread] DEBUG FXGLApplication      - Exiting FXGL
21:08:52.691 [JavaFX Application Thread] DEBUG LoopRunner           - Stopping loop
21:08:52.691 [JavaFX Application Thread] DEBUG SystemBundleService  - Saving FXGL system data
21:08:52.693 [JavaFX Application Thread] DEBUG FileSystemAccess     - Writing to: C:\Users\gerso\OneDrive\Documentos\Cuatrimestre 7\Concurrente\Java\Simulador-Restaurante\system\fxgl.bundle
21:08:52.695 [JavaFX Application Thread] DEBUG Async                - Shutting down background threads
21:08:52.695 [JavaFX Application Thread] DEBUG PrimaryStageWindow   - Closing main window
21:08:52.746 [JavaFX Application Thread] DEBUG Logger               - Closing Logger
