19:52:33.361 [main                     ] DEBUG Logger               - Configured Logger
19:52:33.386 [main                     ] DEBUG GameApplication      - Logging settings
Title: Simulador de Restaurante
Version: 1.0
Width: 2000
Height: 1000
Fullscreen: false
Intro: false
Profiling: false
Single step:false
App Mode: DEVELOPER
Menu Key: ESCAPE
Stage Style: DECORATED
Scene Factory: class com.almasb.fxgl.app.scene.SceneFactory

19:52:33.933 [JavaFX Application Thread] DEBUG FXGLApplication      - Initializing FXGL
19:52:33.938 [JavaFX Application Thread] INFO  Engine               - FXGL-17.2 (20.08.2022 16.50) on WINDOWS (J:20.0.1 FX:18)
19:52:33.938 [JavaFX Application Thread] DEBUG Engine               - JRE Vendor Name: Oracle Corporation
19:52:33.938 [JavaFX Application Thread] DEBUG Engine               - Running on OS: Windows 11 version 10.0
19:52:33.938 [JavaFX Application Thread] DEBUG Engine               - Architecture: amd64
19:52:33.938 [JavaFX Application Thread] INFO  Engine               - Source code and latest versions at: https://github.com/AlmasB/FXGL
19:52:33.938 [JavaFX Application Thread] INFO  Engine               -       Ask questions and discuss at: https://github.com/AlmasB/FXGL/discussions
19:52:33.938 [JavaFX Application Thread] INFO  Engine               -              Join the FXGL chat at: https://gitter.im/AlmasB/FXGL
19:52:34.063 [JavaFX Application Thread] DEBUG PrimaryStageWindow   - Creating a JavaFX scene
19:52:34.063 [JavaFX Application Thread] DEBUG PrimaryStageWindow   - Target size > screen size
19:52:34.118 [JavaFX Application Thread] DEBUG PrimaryStageWindow   - Target settings size: 2000.0 x 1000.0
19:52:34.119 [JavaFX Application Thread] DEBUG PrimaryStageWindow   - Scaled scene size:    1511.0 x 768.0
19:52:34.119 [JavaFX Application Thread] DEBUG PrimaryStageWindow   - Scaled ratio: (0.7555, 0.768)
19:52:34.122 [JavaFX Application Thread] DEBUG PrimaryStageWindow   - Set initial scene to FXGLStartupScene
19:52:34.135 [JavaFX Application Thread] DEBUG PrimaryStageWindow   - Opening main window
19:52:34.255 [JavaFX Application Thread] DEBUG PrimaryStageWindow   - Window border size: (14.5999755859375, 37.5999755859375)
19:52:34.256 [JavaFX Application Thread] DEBUG PrimaryStageWindow   - Scaled size: 1511.0 x 768.0
19:52:34.256 [JavaFX Application Thread] DEBUG PrimaryStageWindow   - Scaled ratio: (0.7555, 0.768)
19:52:34.256 [JavaFX Application Thread] DEBUG PrimaryStageWindow   - Scene size: 1511.0 x 768.0
19:52:34.257 [JavaFX Application Thread] DEBUG PrimaryStageWindow   - Stage size: 1525.5999755859375 x 805.5999755859375
19:52:34.275 [FXGL Background Thread 1 ] DEBUG Engine               - Initializing environment variables
19:52:34.372 [FXGL Background Thread 1 ] DEBUG FXGLAssetLoaderServi - User app class for loading assets: class org.example.views.RestaurantView
19:52:34.372 [FXGL Background Thread 1 ] DEBUG GameApplicationServi - Applying CSS: fxgl_dark.css
19:52:34.374 [FXGL Background Thread 1 ] DEBUG FXGLAssetLoaderServi - Loading from file system: jar:file:/C:/Users/gerso/.m2/repository/com/github/almasb/fxgl/17.2/fxgl-17.2.jar!/fxglassets/ui/css/fxgl_dark.css
19:52:34.434 [FXGL Background Thread 1 ] DEBUG GameApplicationServi - Initializing application scenes
19:52:34.492 [FXGL Background Thread 1 ] DEBUG GameWorld            - Game world initialized
19:52:34.562 [FXGL Background Thread 1 ] DEBUG PhysicsWorld         - Physics world initialized: appHeight=1000, physics.ppm=50.0
19:52:34.562 [FXGL Background Thread 1 ] DEBUG PhysicsWorld         - Using strategy: BRUTE_FORCE
19:52:34.572 [FXGL Background Thread 1 ] DEBUG GameScene            - Game scene initialized: 2000x1000
19:52:34.586 [FXGL Background Thread 1 ] DEBUG FXGL.DefaultMenu     - createMenuBodyGameMenu()
19:52:34.602 [FXGL Background Thread 1 ] DEBUG FXGL.DefaultMenu     - createOptionsMenu()
19:52:34.613 [FXGL Background Thread 1 ] DEBUG FXGLAssetLoaderServi - Loading from file system: jar:file:/C:/Users/gerso/.m2/repository/com/github/almasb/fxgl/17.2/fxgl-17.2.jar!/fxglassets/textures/particles/smoke.png
19:52:34.774 [FXGL Background Thread 1 ] DEBUG FXGLAssetLoaderServi - Loading from file system: jar:file:/C:/Users/gerso/.m2/repository/com/github/almasb/fxgl/17.2/fxgl-17.2.jar!/fxglassets/textures/particles/trace_horizontal.png
19:52:34.799 [FXGL Background Thread 1 ] DEBUG GameApplicationServi - Application scenes initialized
19:52:34.814 [FXGL Background Thread 1 ] DEBUG SystemBundleService  - Loading FXGL system data
19:52:34.828 [FXGL Background Thread 1 ] DEBUG FileSystemAccess     - Reading from: C:\Users\gerso\OneDrive\Documentos\Cuatrimestre 7\Concurrente\Java\Simulador-Restaurante\system\fxgl.bundle
19:52:34.850 [FXGL Background Thread 1 ] DEBUG SystemBundleService  - Bundle FXGL: {}
19:52:34.851 [FXGL Background Thread 1 ] DEBUG UpdaterService       - Checking for updates
19:52:34.868 [FXGL Background Thread 1 ] DEBUG FXGLApplication      - Loading default localization
19:52:34.868 [FXGL Background Thread 4 ] DEBUG FXGLApplication      - Loading fonts
19:52:34.869 [FXGL Background Thread 1 ] DEBUG FXGLAssetLoaderServi - Loading from file system: jar:file:/C:/Users/gerso/.m2/repository/com/github/almasb/fxgl/17.2/fxgl-17.2.jar!/fxglassets/languages/english.lang
19:52:34.869 [FXGL Background Thread 4 ] DEBUG FXGLAssetLoaderServi - Loading from file system: jar:file:/C:/Users/gerso/.m2/repository/com/github/almasb/fxgl/17.2/fxgl-17.2.jar!/fxglassets/ui/fonts/VarelaRound-Regular.ttf
19:52:34.918 [FXGL Background Thread 1 ] INFO  FXGLApplication      - FXGL initialization took: 0.644 sec
19:52:34.920 [JavaFX Application Thread] DEBUG FXGLAssetLoaderServi - Loading from file system: jar:file:/C:/Users/gerso/.m2/repository/com/github/almasb/fxgl/17.2/fxgl-17.2.jar!/fxglassets/textures/fxgl_icon.png
19:52:34.945 [JavaFX Application Thread] DEBUG FXGLAssetLoaderServi - Loading from file system: jar:file:/C:/Users/gerso/.m2/repository/com/github/almasb/fxgl/17.2/fxgl-17.2.jar!/fxglassets/textures/fxgl_default_cursor.png
19:52:34.962 [JavaFX Application Thread] DEBUG Input                - Registered new binding: Screenshot - CTRL+8
19:52:34.963 [JavaFX Application Thread] DEBUG Input                - Registered new binding: System info dump - CTRL+9
19:52:34.964 [JavaFX Application Thread] DEBUG Input                - Registered new binding: Restart - CTRL+R
19:52:34.965 [JavaFX Application Thread] DEBUG Input                - Registered new binding: Toggle Debug Camera - CTRL+7
19:52:34.968 [JavaFX Application Thread] DEBUG LoopRunner           - Starting loop
19:52:34.968 [JavaFX Application Thread] DEBUG LoopRunner           - Initializing JavaFX AnimationTimerLoop
19:52:34.971 [JavaFX Application Thread] DEBUG GameApplicationServi - Starting new game
19:52:34.972 [JavaFX Application Thread] DEBUG Input                - Clearing active input actions
19:52:34.992 [JavaFX Application Thread] DEBUG GameApplicationServi - Removing overlay from FXGLStartupScene and adding to FXGLLoadingScene
19:52:34.993 [JavaFX Application Thread] DEBUG PrimaryStageWindow   - FXGLStartupScene -> FXGLLoadingScene
19:52:34.993 [JavaFX Application Thread] DEBUG GameApplicationServi - Clearing previous game
19:52:34.993 [JavaFX Application Thread] DEBUG GameScene            - Clearing game scene
19:52:34.993 [JavaFX Application Thread] DEBUG GameWorld            - Clearing game world
19:52:34.993 [JavaFX Application Thread] DEBUG PhysicsWorld         - Clearing physics world
19:52:34.997 [FXGL Background Thread 1 ] DEBUG FXGLApplication      - Initializing game
19:52:35.001 [FXGL Background Thread 1 ] DEBUG FXGLAssetLoaderServi - Loading from file system: file:/C:/Users/gerso/OneDrive/Documentos/Cuatrimestre%207/Concurrente/Java/Simulador-Restaurante/target/classes/assets/textures/fondo.jpg
19:52:35.022 [FXGL Background Thread 1 ] WARN  FXGLAssetLoaderServi - Failed to load file:/C:/Users/gerso/OneDrive/Documentos/Cuatrimestre%207/Concurrente/Java/Simulador-Restaurante/target/classes/assets/textures/fondo.jpg
com.sun.javafx.iio.ImageStorageException: No loader for image data
	at com.sun.javafx.iio.ImageStorage.loadAll(ImageStorage.java:347)
	at com.sun.javafx.tk.quantum.PrismImageLoader2.loadAll(PrismImageLoader2.java:127)
	at com.sun.javafx.tk.quantum.PrismImageLoader2.<init>(PrismImageLoader2.java:71)
	at com.sun.javafx.tk.quantum.QuantumToolkit.loadImage(QuantumToolkit.java:785)
	at javafx.scene.image.Image.loadImage(Image.java:1073)
	at javafx.scene.image.Image.initialize(Image.java:819)
	at javafx.scene.image.Image.<init>(Image.java:626)
	at com.almasb.fxgl.app.services.ImageAssetLoader.load(FXGLAssetLoaderService.kt:641)
	at com.almasb.fxgl.app.services.ImageAssetLoader.load(FXGLAssetLoaderService.kt:636)
	at com.almasb.fxgl.app.services.AssetLoader.load(FXGLAssetLoaderService.kt:625)
	at com.almasb.fxgl.app.services.FXGLAssetLoaderService.load(FXGLAssetLoaderService.kt:530)
	at com.almasb.fxgl.app.services.FXGLAssetLoaderService.load(FXGLAssetLoaderService.kt:507)
	at com.almasb.fxgl.app.services.FXGLAssetLoaderService.load(FXGLAssetLoaderService.kt:496)
	at com.almasb.fxgl.app.services.FXGLAssetLoaderService.loadImage(FXGLAssetLoaderService.kt:166)
	at com.almasb.fxgl.app.services.FXGLAssetLoaderService.loadTexture(FXGLAssetLoaderService.kt:125)
	at com.almasb.fxgl.dsl.FXGL$Companion.texture(FXGL.kt:401)
	at com.almasb.fxgl.app.scene.FXGLScene.setBackgroundRepeat(FXGLScene.kt:166)
	at org.example.views.RestaurantView.initGame(RestaurantView.java:26)
	at com.almasb.fxgl.app.FXGLApplication$InitAppTask.initGame(FXGLApplication.kt:339)
	at com.almasb.fxgl.app.FXGLApplication$InitAppTask.call(FXGLApplication.kt:319)
	at com.almasb.fxgl.app.FXGLApplication$InitAppTask.call(FXGLApplication.kt:311)
	at javafx.concurrent.Task$TaskCallable.call(Task.java:1426)
	at java.base/java.util.concurrent.FutureTask.run(FutureTask.java:317)
	at java.base/java.util.concurrent.Executors$RunnableAdapter.call(Executors.java:577)
	at java.base/java.util.concurrent.FutureTask.run(FutureTask.java:317)
	at java.base/java.util.concurrent.ThreadPoolExecutor.runWorker(ThreadPoolExecutor.java:1144)
	at java.base/java.util.concurrent.ThreadPoolExecutor$Worker.run(ThreadPoolExecutor.java:642)
	at java.base/java.lang.Thread.run(Thread.java:1623)

19:52:35.055 [FXGL Background Thread 4 ] DEBUG FXGLAssetLoaderServi - Loading from file system: jar:file:/C:/Users/gerso/.m2/repository/com/github/almasb/fxgl/17.2/fxgl-17.2.jar!/fxglassets/ui/fonts/Abel-Regular.ttf
19:52:35.077 [FXGL Background Thread 4 ] DEBUG FXGLAssetLoaderServi - Loading from file system: jar:file:/C:/Users/gerso/.m2/repository/com/github/almasb/fxgl/17.2/fxgl-17.2.jar!/fxglassets/ui/fonts/TerminalLandMono-Regular.otf
19:52:35.101 [FXGL Background Thread 4 ] DEBUG FXGLAssetLoaderServi - Loading from file system: jar:file:/C:/Users/gerso/.m2/repository/com/github/almasb/fxgl/17.2/fxgl-17.2.jar!/fxglassets/ui/fonts/Courier-Prime.ttf
19:52:35.256 [JavaFX Application Thread] DEBUG FXGLApplication      - Registering font factories with UI factory
19:52:35.257 [FXGL Background Thread 1 ] DEBUG FXGLAssetLoaderServi - Loading from file system: file:/C:/Users/gerso/OneDrive/Documentos/Cuatrimestre%207/Concurrente/Java/Simulador-Restaurante/target/classes/assets/textures/recepcionista.png
19:52:35.285 [FXGL Background Thread 1 ] DEBUG FXGLAssetLoaderServi - Loading from file system: file:/C:/Users/gerso/OneDrive/Documentos/Cuatrimestre%207/Concurrente/Java/Simulador-Restaurante/target/classes/assets/textures/mesera.png
19:52:35.298 [FXGL Background Thread 1 ] DEBUG FXGLAssetLoaderServi - Loading from file system: file:/C:/Users/gerso/OneDrive/Documentos/Cuatrimestre%207/Concurrente/Java/Simulador-Restaurante/target/classes/assets/textures/chef.png
19:52:35.310 [FXGL Background Thread 1 ] DEBUG FXGLAssetLoaderServi - Loading from file system: file:/C:/Users/gerso/OneDrive/Documentos/Cuatrimestre%207/Concurrente/Java/Simulador-Restaurante/target/classes/assets/textures/cliente.png
19:52:35.331 [FXGL Background Thread 1 ] WARN  FXGLAssetLoaderServi - Asset "/assets/textures/mesa.png" was not found!
19:52:35.332 [FXGL Background Thread 1 ] WARN  FXGLAssetLoaderServi - Failed to load IMAGE
19:52:35.333 [FXGL Background Thread 1 ] WARN  FXGLAssetLoaderServi - Asset "/assets/textures/mesa.png" was not found!
19:52:35.334 [FXGL Background Thread 1 ] WARN  FXGLAssetLoaderServi - Failed to load IMAGE
19:52:35.336 [FXGL Background Thread 1 ] WARN  FXGLAssetLoaderServi - Asset "/assets/textures/mesa.png" was not found!
19:52:35.336 [FXGL Background Thread 1 ] WARN  FXGLAssetLoaderServi - Failed to load IMAGE
19:52:35.338 [FXGL Background Thread 1 ] WARN  FXGLAssetLoaderServi - Asset "/assets/textures/mesa.png" was not found!
19:52:35.339 [FXGL Background Thread 1 ] WARN  FXGLAssetLoaderServi - Failed to load IMAGE
19:52:35.340 [FXGL Background Thread 1 ] INFO  FXGLApplication      - Game initialization took: 0.342 sec
19:52:35.341 [JavaFX Application Thread] DEBUG Input                - Clearing active input actions
19:52:35.349 [JavaFX Application Thread] DEBUG GameApplicationServi - Removing overlay from FXGLLoadingScene and adding to GameScene
19:52:35.350 [JavaFX Application Thread] DEBUG PrimaryStageWindow   - FXGLLoadingScene -> GameScene
19:52:35.605 [FXGL Background Thread 2 ] INFO  UpdaterService       - Your current version:  17.2
19:52:35.606 [FXGL Background Thread 2 ] INFO  UpdaterService       - Latest stable version: 21.1
19:52:37.865 [FXGL Background Thread 3 ] DEBUG Engine               - Logging environment variables
19:52:37.865 [FXGL Background Thread 3 ] DEBUG Engine               - achievements: []
19:52:37.865 [FXGL Background Thread 3 ] DEBUG Engine               - actualHeight: 768.0
19:52:37.866 [FXGL Background Thread 3 ] DEBUG Engine               - actualHeightProperty: ReadOnlyDoubleProperty [value: 768.0]
19:52:37.866 [FXGL Background Thread 3 ] DEBUG Engine               - actualWidth: 1511.0
19:52:37.866 [FXGL Background Thread 3 ] DEBUG Engine               - actualWidthProperty: ReadOnlyDoubleProperty [value: 1511.0]
19:52:37.866 [FXGL Background Thread 3 ] DEBUG Engine               - appIcon: fxgl_icon.png
19:52:37.866 [FXGL Background Thread 3 ] DEBUG Engine               - applicationMode: DEVELOPER
19:52:37.866 [FXGL Background Thread 3 ] DEBUG Engine               - cSSList: [fxgl_dark.css]
19:52:37.866 [FXGL Background Thread 3 ] DEBUG Engine               - collisionDetectionStrategy: BRUTE_FORCE
19:52:37.866 [FXGL Background Thread 3 ] DEBUG Engine               - configClass: Optional.empty
19:52:37.866 [FXGL Background Thread 3 ] DEBUG Engine               - credits: []
19:52:37.866 [FXGL Background Thread 3 ] DEBUG Engine               - defaultCursor: CursorInfo(imageName=fxgl_default_cursor.png, hotspotX=7.0, hotspotY=6.0)
19:52:37.868 [FXGL Background Thread 3 ] DEBUG Engine               - devBBoxColorProperty: ObjectProperty [value: 0xff0000ff]
19:52:37.868 [FXGL Background Thread 3 ] DEBUG Engine               - devEnableDebugCameraProperty: BooleanProperty [value: false]
19:52:37.868 [FXGL Background Thread 3 ] DEBUG Engine               - devSensorColorProperty: ObjectProperty [value: 0xffff00ff]
19:52:37.868 [FXGL Background Thread 3 ] DEBUG Engine               - devShowBBoxProperty: BooleanProperty [value: false]
19:52:37.868 [FXGL Background Thread 3 ] DEBUG Engine               - devShowPositionProperty: BooleanProperty [value: false]
19:52:37.868 [FXGL Background Thread 3 ] DEBUG Engine               - enabledMenuItems: []
19:52:37.868 [FXGL Background Thread 3 ] DEBUG Engine               - engineServices: [class com.almasb.fxgl.app.services.FXGLAssetLoaderService, class com.almasb.fxgl.app.FXGLApplication$GameApplicationService, class com.almasb.fxgl.app.services.FXGLDialogService, class com.almasb.fxgl.app.services.IOTaskExecutorService, class com.almasb.fxgl.io.FileSystemService, class com.almasb.fxgl.localization.LocalizationService, class com.almasb.fxgl.app.services.SystemBundleService, class com.almasb.fxgl.profile.SaveLoadService, class com.almasb.fxgl.ui.FXGLUIFactoryServiceProvider, class com.almasb.fxgl.ui.FXGLDialogFactoryServiceProvider, class com.almasb.fxgl.audio.AudioPlayer, class com.almasb.fxgl.notification.impl.NotificationServiceProvider, class com.almasb.fxgl.achievement.AchievementService, class com.almasb.fxgl.cutscene.CutsceneService, class com.almasb.fxgl.minigames.MiniGameService, class com.almasb.fxgl.net.NetService, class com.almasb.fxgl.app.services.UpdaterService, class com.almasb.fxgl.dev.DevService]
19:52:37.868 [FXGL Background Thread 3 ] DEBUG Engine               - fontGame: Abel-Regular.ttf
19:52:37.868 [FXGL Background Thread 3 ] DEBUG Engine               - fontMono: TerminalLandMono-Regular.otf
19:52:37.868 [FXGL Background Thread 3 ] DEBUG Engine               - fontText: Courier-Prime.ttf
19:52:37.868 [FXGL Background Thread 3 ] DEBUG Engine               - fontUI: VarelaRound-Regular.ttf
19:52:37.868 [FXGL Background Thread 3 ] DEBUG Engine               - fullScreen: BooleanProperty [value: false]
19:52:37.868 [FXGL Background Thread 3 ] DEBUG Engine               - gameDifficulty: MEDIUM
19:52:37.868 [FXGL Background Thread 3 ] DEBUG Engine               - gameDifficultyProperty: ObjectProperty [value: MEDIUM]
19:52:37.868 [FXGL Background Thread 3 ] DEBUG Engine               - globalMusicVolume: 0.5
19:52:37.868 [FXGL Background Thread 3 ] DEBUG Engine               - globalMusicVolumeProperty: DoubleProperty [value: 0.5]
19:52:37.868 [FXGL Background Thread 3 ] DEBUG Engine               - globalSoundVolume: 0.5
19:52:37.868 [FXGL Background Thread 3 ] DEBUG Engine               - globalSoundVolumeProperty: DoubleProperty [value: 0.5]
19:52:37.868 [FXGL Background Thread 3 ] DEBUG Engine               - height: 1000
19:52:37.869 [FXGL Background Thread 3 ] DEBUG Engine               - is3D: false
19:52:37.869 [FXGL Background Thread 3 ] DEBUG Engine               - isAndroid: false
19:52:37.869 [FXGL Background Thread 3 ] DEBUG Engine               - isBrowser: false
19:52:37.870 [FXGL Background Thread 3 ] DEBUG Engine               - isClickFeedbackEnabled: false
19:52:37.870 [FXGL Background Thread 3 ] DEBUG Engine               - isCloseConfirmation: false
19:52:37.870 [FXGL Background Thread 3 ] DEBUG Engine               - isDesktop: true
19:52:37.870 [FXGL Background Thread 3 ] DEBUG Engine               - isDeveloperMenuEnabled: false
19:52:37.870 [FXGL Background Thread 3 ] DEBUG Engine               - isEmbedded: false
19:52:37.870 [FXGL Background Thread 3 ] DEBUG Engine               - isEntityPreloadEnabled: true
19:52:37.870 [FXGL Background Thread 3 ] DEBUG Engine               - isExperimentalTiledLargeMap: false
19:52:37.870 [FXGL Background Thread 3 ] DEBUG Engine               - isFileSystemWriteAllowed: true
19:52:37.870 [FXGL Background Thread 3 ] DEBUG Engine               - isFullScreenAllowed: false
19:52:37.870 [FXGL Background Thread 3 ] DEBUG Engine               - isFullScreenFromStart: false
19:52:37.870 [FXGL Background Thread 3 ] DEBUG Engine               - isGameMenuEnabled: true
19:52:37.870 [FXGL Background Thread 3 ] DEBUG Engine               - isIOS: false
19:52:37.870 [FXGL Background Thread 3 ] DEBUG Engine               - isIntroEnabled: false
19:52:37.870 [FXGL Background Thread 3 ] DEBUG Engine               - isLinux: false
19:52:37.870 [FXGL Background Thread 3 ] DEBUG Engine               - isMac: false
19:52:37.870 [FXGL Background Thread 3 ] DEBUG Engine               - isMainMenuEnabled: false
19:52:37.870 [FXGL Background Thread 3 ] DEBUG Engine               - isManualResizeEnabled: false
19:52:37.870 [FXGL Background Thread 3 ] DEBUG Engine               - isMobile: false
19:52:37.870 [FXGL Background Thread 3 ] DEBUG Engine               - isNative: false
19:52:37.870 [FXGL Background Thread 3 ] DEBUG Engine               - isPauseMusicWhenMinimized: true
19:52:37.870 [FXGL Background Thread 3 ] DEBUG Engine               - isPreserveResizeRatio: false
19:52:37.870 [FXGL Background Thread 3 ] DEBUG Engine               - isProfilingEnabled: false
19:52:37.870 [FXGL Background Thread 3 ] DEBUG Engine               - isScaleAffectedOnResize: true
19:52:37.870 [FXGL Background Thread 3 ] DEBUG Engine               - isSingleStep: false
19:52:37.870 [FXGL Background Thread 3 ] DEBUG Engine               - isUserProfileEnabled: false
19:52:37.870 [FXGL Background Thread 3 ] DEBUG Engine               - isWindows: true
19:52:37.870 [FXGL Background Thread 3 ] DEBUG Engine               - language: ObjectProperty [value: ENGLISH]
19:52:37.870 [FXGL Background Thread 3 ] DEBUG Engine               - menuKey: ESCAPE
19:52:37.870 [FXGL Background Thread 3 ] DEBUG Engine               - mouseSensitivity: 0.2
19:52:37.871 [FXGL Background Thread 3 ] DEBUG Engine               - notificationViewClass: class com.almasb.fxgl.notification.view.XboxNotificationView
19:52:37.871 [FXGL Background Thread 3 ] DEBUG Engine               - pixelsPerMeter: 50.0
19:52:37.871 [FXGL Background Thread 3 ] DEBUG Engine               - platform: WINDOWS
19:52:37.871 [FXGL Background Thread 3 ] DEBUG Engine               - prefHeightProperty: ReadOnlyDoubleProperty [value: 1000.0]
19:52:37.871 [FXGL Background Thread 3 ] DEBUG Engine               - prefWidthProperty: ReadOnlyDoubleProperty [value: 2000.0]
19:52:37.871 [FXGL Background Thread 3 ] DEBUG Engine               - profileDir: profiles/
19:52:37.871 [FXGL Background Thread 3 ] DEBUG Engine               - profileName: StringProperty [value: DEFAULT]
19:52:37.871 [FXGL Background Thread 3 ] DEBUG Engine               - randomSeed: -1
19:52:37.871 [FXGL Background Thread 3 ] DEBUG Engine               - runtimeInfo: RuntimeInfo(platform=WINDOWS, version=17.2, build=20.08.2022 16.50)
19:52:37.871 [FXGL Background Thread 3 ] DEBUG Engine               - saveFileExt: sav
19:52:37.871 [FXGL Background Thread 3 ] DEBUG Engine               - scaledHeightProp$fxgl: DoubleProperty [bound, value: 768.0]
19:52:37.871 [FXGL Background Thread 3 ] DEBUG Engine               - scaledWidthProp$fxgl: DoubleProperty [bound, value: 1511.0]
19:52:37.871 [FXGL Background Thread 3 ] DEBUG Engine               - sceneFactory: com.almasb.fxgl.app.scene.SceneFactory@57035155
19:52:37.871 [FXGL Background Thread 3 ] DEBUG Engine               - secondsIn24h: 60
19:52:37.871 [FXGL Background Thread 3 ] DEBUG Engine               - soundMenuBack: menu/back.wav
19:52:37.871 [FXGL Background Thread 3 ] DEBUG Engine               - soundMenuPress: menu/press.wav
19:52:37.871 [FXGL Background Thread 3 ] DEBUG Engine               - soundMenuSelect: menu/select.wav
19:52:37.871 [FXGL Background Thread 3 ] DEBUG Engine               - soundNotification: core/notification.wav
19:52:37.871 [FXGL Background Thread 3 ] DEBUG Engine               - stageStyle: DECORATED
19:52:37.871 [FXGL Background Thread 3 ] DEBUG Engine               - supportedLanguages: [ENGLISH, FRENCH, GERMAN, HUNGARIAN, RUSSIAN]
19:52:37.871 [FXGL Background Thread 3 ] DEBUG Engine               - ticksPerSecond: -1
19:52:37.871 [FXGL Background Thread 3 ] DEBUG Engine               - title: Simulador de Restaurante
19:52:37.871 [FXGL Background Thread 3 ] DEBUG Engine               - urlGithub: https://github.com/AlmasB/FXGL
19:52:37.871 [FXGL Background Thread 3 ] DEBUG Engine               - urlLeaderboard: http://fxgl-top.herokuapp.com/
19:52:37.871 [FXGL Background Thread 3 ] DEBUG Engine               - urlPOM: https://raw.githubusercontent.com/AlmasB/FXGL/release/README.md
19:52:37.871 [FXGL Background Thread 3 ] DEBUG Engine               - userAppClass: class org.example.views.RestaurantView
19:52:37.871 [FXGL Background Thread 3 ] DEBUG Engine               - version: 1.0
19:52:37.871 [FXGL Background Thread 3 ] DEBUG Engine               - versionCheckDays: 7
19:52:37.872 [FXGL Background Thread 3 ] DEBUG Engine               - width: 2000
19:52:37.872 [FXGL Background Thread 3 ] DEBUG Engine               - Logging services
19:52:37.872 [FXGL Background Thread 3 ] DEBUG Engine               - class com.almasb.fxgl.app.services.FXGLAssetLoaderService
19:52:37.872 [FXGL Background Thread 3 ] DEBUG Engine               - class com.almasb.fxgl.app.FXGLApplication$GameApplicationService
19:52:37.872 [FXGL Background Thread 3 ] DEBUG Engine               - class com.almasb.fxgl.app.services.FXGLDialogService
19:52:37.872 [FXGL Background Thread 3 ] DEBUG Engine               - class com.almasb.fxgl.app.services.IOTaskExecutorService
19:52:37.872 [FXGL Background Thread 3 ] DEBUG Engine               - class com.almasb.fxgl.io.FileSystemService
19:52:37.872 [FXGL Background Thread 3 ] DEBUG Engine               - class com.almasb.fxgl.localization.LocalizationService
19:52:37.872 [FXGL Background Thread 3 ] DEBUG Engine               - class com.almasb.fxgl.app.services.SystemBundleService
19:52:37.872 [FXGL Background Thread 3 ] DEBUG Engine               - class com.almasb.fxgl.profile.SaveLoadService
19:52:37.872 [FXGL Background Thread 3 ] DEBUG Engine               - class com.almasb.fxgl.ui.FXGLUIFactoryServiceProvider
19:52:37.872 [FXGL Background Thread 3 ] DEBUG Engine               - class com.almasb.fxgl.ui.FXGLDialogFactoryServiceProvider
19:52:37.872 [FXGL Background Thread 3 ] DEBUG Engine               - class com.almasb.fxgl.audio.AudioPlayer
19:52:37.872 [FXGL Background Thread 3 ] DEBUG Engine               - class com.almasb.fxgl.notification.impl.NotificationServiceProvider
19:52:37.872 [FXGL Background Thread 3 ] DEBUG Engine               - class com.almasb.fxgl.achievement.AchievementService
19:52:37.872 [FXGL Background Thread 3 ] DEBUG Engine               - class com.almasb.fxgl.cutscene.CutsceneService
19:52:37.872 [FXGL Background Thread 3 ] DEBUG Engine               - class com.almasb.fxgl.minigames.MiniGameService
19:52:37.872 [FXGL Background Thread 3 ] DEBUG Engine               - class com.almasb.fxgl.net.NetService
19:52:37.872 [FXGL Background Thread 3 ] DEBUG Engine               - class com.almasb.fxgl.app.services.UpdaterService
19:52:37.872 [FXGL Background Thread 3 ] DEBUG Engine               - class com.almasb.fxgl.dev.DevService
19:52:41.189 [JavaFX Application Thread] DEBUG FXGLApplication      - Exiting FXGL
19:52:41.189 [JavaFX Application Thread] DEBUG LoopRunner           - Stopping loop
19:52:41.189 [JavaFX Application Thread] DEBUG SystemBundleService  - Saving FXGL system data
19:52:41.192 [JavaFX Application Thread] DEBUG FileSystemAccess     - Writing to: C:\Users\gerso\OneDrive\Documentos\Cuatrimestre 7\Concurrente\Java\Simulador-Restaurante\system\fxgl.bundle
19:52:41.195 [JavaFX Application Thread] DEBUG Async                - Shutting down background threads
19:52:41.195 [JavaFX Application Thread] DEBUG PrimaryStageWindow   - Closing main window
19:52:41.231 [JavaFX Application Thread] DEBUG Logger               - Closing Logger
